[2024-06-25T13:56:34.082889+00:00] main.INFO: {"feed":"undefined","operation":"undefined","status":"Setting mode Update On Schedule for indexer Stores Feed","elapsed":"805 ms","pid":"6009","caller":"bin\/magento setup:install --backend-frontname=admin --key=18Av6ITivOZG3gwY1DhMDWtlLfx1spLP --session-save=files --db-host=jatin.cluster-cvtfb4uhbukm.us-east-1.rds.amazonaws.com"} [] []
[2024-06-25T13:56:34.211313+00:00] main.INFO: {"feed":"undefined","operation":"undefined","status":"Setting mode Update On Schedule for indexer Sales Order Feed","elapsed":"933 ms","pid":"6009","caller":"bin\/magento setup:install --backend-frontname=admin --key=18Av6ITivOZG3gwY1DhMDWtlLfx1spLP --session-save=files --db-host=jatin.cluster-cvtfb4uhbukm.us-east-1.rds.amazonaws.com"} [] []
[2024-06-25T13:56:34.386745+00:00] main.INFO: {"feed":"undefined","operation":"undefined","status":"Setting mode Update On Schedule for indexer Sales Order Statuses Feed","elapsed":"00:00:00 109 ms","pid":"6009","caller":"bin\/magento setup:install --backend-frontname=admin --key=18Av6ITivOZG3gwY1DhMDWtlLfx1spLP --session-save=files --db-host=jatin.cluster-cvtfb4uhbukm.us-east-1.rds.amazonaws.com"} [] []
[2024-06-25T14:06:59.371990+00:00] main.INFO: {"feed":"stores","operation":"full reindex(legacy)","status":"Initialize","elapsed":"00:00:00 383 ms","pid":"6060","caller":"bin\/magento index:reindex"} [] []
[2024-06-25T14:06:59.431787+00:00] main.INFO: {"feed":"stores","operation":"full reindex(legacy)","status":"Creating batch table `stores_data_exporter_index_batches`. Start position: 0","elapsed":"00:00:00 443 ms","pid":"6060","caller":"bin\/magento index:reindex"} [] []
[2024-06-25T14:06:59.460463+00:00] main.INFO: {"feed":"stores","operation":"full reindex(legacy)","status":"Batch table `stores_data_exporter_index_batches` created. Total Items: 1, batches: ~0","elapsed":"00:00:00 471 ms","pid":"6060","caller":"bin\/magento index:reindex"} [] []
[2024-06-25T14:06:59.460610+00:00] main.INFO: {"feed":"stores","operation":"full reindex(legacy)","status":"start processing `1` items in `1` threads with `100` batch size","elapsed":"00:00:00 472 ms","pid":"6060","caller":"bin\/magento index:reindex"} [] []
[2024-06-25T14:06:59.491786+00:00] main.INFO: {"feed":"stores","operation":"full reindex(legacy)","status":"Progress 1\/1, processed 1, synced 1","elapsed":"00:00:00 503 ms","pid":"6060","caller":"bin\/magento index:reindex"} [] []
[2024-06-25T14:06:59.497792+00:00] main.INFO: {"feed":"stores","operation":"full reindex(legacy)","status":"Complete","elapsed":"00:00:00 509 ms","pid":"6060","caller":"bin\/magento index:reindex"} [] []
[2024-06-25T14:06:59.517396+00:00] main.INFO: {"feed":"salesOrders","operation":"full reindex(legacy)","status":"Initialize","elapsed":"00:00:00 674 ms","pid":"6060","caller":"bin\/magento index:reindex"} [] []
[2024-06-25T14:06:59.572610+00:00] main.INFO: {"feed":"salesOrders","operation":"full reindex(legacy)","status":"Creating batch table `sales_data_exporter_orders_index_batches`. Start position: 0","elapsed":"00:00:00 729 ms","pid":"6060","caller":"bin\/magento index:reindex"} [] []
[2024-06-25T14:06:59.599350+00:00] main.INFO: {"feed":"salesOrders","operation":"full reindex(legacy)","status":"Batch table `sales_data_exporter_orders_index_batches` created. Total Items: 0, batches: ~0","elapsed":"00:00:00 756 ms","pid":"6060","caller":"bin\/magento index:reindex"} [] []
[2024-06-25T14:06:59.599480+00:00] main.INFO: {"feed":"salesOrders","operation":"full reindex(legacy)","status":"nothing to process - no items to sync. Not expected? Are there any items in source table `sales_order`?","elapsed":"00:00:00 756 ms","pid":"6060","caller":"bin\/magento index:reindex"} [] []
[2024-06-25T14:06:59.600452+00:00] main.INFO: {"feed":"salesOrders","operation":"full reindex(legacy)","status":"Complete","elapsed":"00:00:00 757 ms","pid":"6060","caller":"bin\/magento index:reindex"} [] []
[2024-06-25T14:06:59.620546+00:00] main.INFO: {"feed":"salesOrderStatuses","operation":"full reindex(legacy)","status":"Initialize","elapsed":"00:00:00 880 ms","pid":"6060","caller":"bin\/magento index:reindex"} [] []
[2024-06-25T14:06:59.673563+00:00] main.INFO: {"feed":"salesOrderStatuses","operation":"full reindex(legacy)","status":"Creating batch table `sales_data_exporter_order_statuses_index_batches`. Start position: ","elapsed":"00:00:00 933 ms","pid":"6060","caller":"bin\/magento index:reindex"} [] []
[2024-06-25T14:06:59.700526+00:00] main.INFO: {"feed":"salesOrderStatuses","operation":"full reindex(legacy)","status":"Batch table `sales_data_exporter_order_statuses_index_batches` created. Total Items: 12, batches: ~0","elapsed":"00:00:01 960 ms","pid":"6060","caller":"bin\/magento index:reindex"} [] []
[2024-06-25T14:06:59.700695+00:00] main.INFO: {"feed":"salesOrderStatuses","operation":"full reindex(legacy)","status":"start processing `12` items in `1` threads with `100` batch size","elapsed":"00:00:01 960 ms","pid":"6060","caller":"bin\/magento index:reindex"} [] []
[2024-06-25T14:06:59.712484+00:00] main.INFO: {"feed":"salesOrderStatuses","operation":"full reindex(legacy)","status":"Progress 1\/1, processed 12, synced 12","elapsed":"00:00:01 972 ms","pid":"6060","caller":"bin\/magento index:reindex"} [] []
[2024-06-25T14:06:59.716498+00:00] main.INFO: {"feed":"salesOrderStatuses","operation":"full reindex(legacy)","status":"Complete","elapsed":"00:00:01 976 ms","pid":"6060","caller":"bin\/magento index:reindex"} [] []
[2024-06-25T14:09:10.528111+00:00] main.INFO: {"feed":"stores","operation":"full reindex(legacy)","status":"Initialize","elapsed":"00:00:00 695 ms","pid":"6348","caller":"bin\/magento index:reindex"} [] []
[2024-06-25T14:09:10.596739+00:00] main.INFO: {"feed":"stores","operation":"full reindex(legacy)","status":"Creating batch table `stores_data_exporter_index_batches`. Start position: 0","elapsed":"00:00:00 764 ms","pid":"6348","caller":"bin\/magento index:reindex"} [] []
[2024-06-25T14:09:10.639283+00:00] main.INFO: {"feed":"stores","operation":"full reindex(legacy)","status":"Batch table `stores_data_exporter_index_batches` created. Total Items: 1, batches: ~0","elapsed":"00:00:00 806 ms","pid":"6348","caller":"bin\/magento index:reindex"} [] []
[2024-06-25T14:09:10.639452+00:00] main.INFO: {"feed":"stores","operation":"full reindex(legacy)","status":"start processing `1` items in `1` threads with `100` batch size","elapsed":"00:00:00 807 ms","pid":"6348","caller":"bin\/magento index:reindex"} [] []
[2024-06-25T14:09:10.678541+00:00] main.INFO: {"feed":"stores","operation":"full reindex(legacy)","status":"Progress 1\/1, processed 1, synced 1","elapsed":"00:00:00 846 ms","pid":"6348","caller":"bin\/magento index:reindex"} [] []
[2024-06-25T14:09:10.681712+00:00] main.INFO: {"feed":"stores","operation":"full reindex(legacy)","status":"Complete","elapsed":"00:00:01 849 ms","pid":"6348","caller":"bin\/magento index:reindex"} [] []
[2024-06-25T14:09:10.702730+00:00] main.INFO: {"feed":"salesOrders","operation":"full reindex(legacy)","status":"Initialize","elapsed":"45 ms","pid":"6348","caller":"bin\/magento index:reindex"} [] []
[2024-06-25T14:09:10.773283+00:00] main.INFO: {"feed":"salesOrders","operation":"full reindex(legacy)","status":"Creating batch table `sales_data_exporter_orders_index_batches`. Start position: 0","elapsed":"115 ms","pid":"6348","caller":"bin\/magento index:reindex"} [] []
[2024-06-25T14:09:10.811387+00:00] main.INFO: {"feed":"salesOrders","operation":"full reindex(legacy)","status":"Batch table `sales_data_exporter_orders_index_batches` created. Total Items: 0, batches: ~0","elapsed":"153 ms","pid":"6348","caller":"bin\/magento index:reindex"} [] []
[2024-06-25T14:09:10.811555+00:00] main.INFO: {"feed":"salesOrders","operation":"full reindex(legacy)","status":"nothing to process - no items to sync. Not expected? Are there any items in source table `sales_order`?","elapsed":"153 ms","pid":"6348","caller":"bin\/magento index:reindex"} [] []
[2024-06-25T14:09:10.812530+00:00] main.INFO: {"feed":"salesOrders","operation":"full reindex(legacy)","status":"Complete","elapsed":"154 ms","pid":"6348","caller":"bin\/magento index:reindex"} [] []
[2024-06-25T14:09:10.833826+00:00] main.INFO: {"feed":"salesOrderStatuses","operation":"full reindex(legacy)","status":"Initialize","elapsed":"307 ms","pid":"6348","caller":"bin\/magento index:reindex"} [] []
[2024-06-25T14:09:10.900740+00:00] main.INFO: {"feed":"salesOrderStatuses","operation":"full reindex(legacy)","status":"Creating batch table `sales_data_exporter_order_statuses_index_batches`. Start position: ","elapsed":"374 ms","pid":"6348","caller":"bin\/magento index:reindex"} [] []
[2024-06-25T14:09:10.940965+00:00] main.INFO: {"feed":"salesOrderStatuses","operation":"full reindex(legacy)","status":"Batch table `sales_data_exporter_order_statuses_index_batches` created. Total Items: 12, batches: ~0","elapsed":"414 ms","pid":"6348","caller":"bin\/magento index:reindex"} [] []
[2024-06-25T14:09:10.941147+00:00] main.INFO: {"feed":"salesOrderStatuses","operation":"full reindex(legacy)","status":"start processing `12` items in `1` threads with `100` batch size","elapsed":"414 ms","pid":"6348","caller":"bin\/magento index:reindex"} [] []
[2024-06-25T14:09:10.955760+00:00] main.INFO: {"feed":"salesOrderStatuses","operation":"full reindex(legacy)","status":"Progress 1\/1, processed 12, synced 12","elapsed":"429 ms","pid":"6348","caller":"bin\/magento index:reindex"} [] []
[2024-06-25T14:09:10.960531+00:00] main.INFO: {"feed":"salesOrderStatuses","operation":"full reindex(legacy)","status":"Complete","elapsed":"433 ms","pid":"6348","caller":"bin\/magento index:reindex"} [] []
[2024-06-26T07:43:41.120735+00:00] main.INFO: {"feed":"stores","operation":"full reindex(legacy)","status":"Initialize","elapsed":"852 ms","pid":"2683","caller":"bin\/magento index:reindex"} [] []
[2024-06-26T07:43:41.205757+00:00] main.INFO: {"feed":"stores","operation":"full reindex(legacy)","status":"Creating batch table `stores_data_exporter_index_batches`. Start position: 0","elapsed":"937 ms","pid":"2683","caller":"bin\/magento index:reindex"} [] []
[2024-06-26T07:43:41.250057+00:00] main.INFO: {"feed":"stores","operation":"full reindex(legacy)","status":"Batch table `stores_data_exporter_index_batches` created. Total Items: 1, batches: ~0","elapsed":"981 ms","pid":"2683","caller":"bin\/magento index:reindex"} [] []
[2024-06-26T07:43:41.250240+00:00] main.INFO: {"feed":"stores","operation":"full reindex(legacy)","status":"start processing `1` items in `1` threads with `100` batch size","elapsed":"981 ms","pid":"2683","caller":"bin\/magento index:reindex"} [] []
[2024-06-26T07:43:41.285513+00:00] main.INFO: {"feed":"stores","operation":"full reindex(legacy)","status":"Progress 1\/1, processed 1, synced 1","elapsed":"00:00:00 17 ms","pid":"2683","caller":"bin\/magento index:reindex"} [] []
[2024-06-26T07:43:41.291091+00:00] main.INFO: {"feed":"stores","operation":"full reindex(legacy)","status":"Complete","elapsed":"00:00:00 22 ms","pid":"2683","caller":"bin\/magento index:reindex"} [] []
[2024-06-26T07:43:41.323850+00:00] main.INFO: {"feed":"salesOrders","operation":"full reindex(legacy)","status":"Initialize","elapsed":"00:00:00 258 ms","pid":"2683","caller":"bin\/magento index:reindex"} [] []
[2024-06-26T07:43:41.416539+00:00] main.INFO: {"feed":"salesOrders","operation":"full reindex(legacy)","status":"Creating batch table `sales_data_exporter_orders_index_batches`. Start position: 0","elapsed":"00:00:00 351 ms","pid":"2683","caller":"bin\/magento index:reindex"} [] []
[2024-06-26T07:43:41.459532+00:00] main.INFO: {"feed":"salesOrders","operation":"full reindex(legacy)","status":"Batch table `sales_data_exporter_orders_index_batches` created. Total Items: 0, batches: ~0","elapsed":"00:00:00 394 ms","pid":"2683","caller":"bin\/magento index:reindex"} [] []
[2024-06-26T07:43:41.459664+00:00] main.INFO: {"feed":"salesOrders","operation":"full reindex(legacy)","status":"nothing to process - no items to sync. Not expected? Are there any items in source table `sales_order`?","elapsed":"00:00:00 394 ms","pid":"2683","caller":"bin\/magento index:reindex"} [] []
[2024-06-26T07:43:41.460743+00:00] main.INFO: {"feed":"salesOrders","operation":"full reindex(legacy)","status":"Complete","elapsed":"00:00:00 395 ms","pid":"2683","caller":"bin\/magento index:reindex"} [] []
[2024-06-26T07:43:41.488391+00:00] main.INFO: {"feed":"salesOrderStatuses","operation":"full reindex(legacy)","status":"Initialize","elapsed":"00:00:00 587 ms","pid":"2683","caller":"bin\/magento index:reindex"} [] []
[2024-06-26T07:43:41.586023+00:00] main.INFO: {"feed":"salesOrderStatuses","operation":"full reindex(legacy)","status":"Creating batch table `sales_data_exporter_order_statuses_index_batches`. Start position: ","elapsed":"00:00:00 685 ms","pid":"2683","caller":"bin\/magento index:reindex"} [] []
[2024-06-26T07:43:41.636136+00:00] main.INFO: {"feed":"salesOrderStatuses","operation":"full reindex(legacy)","status":"Batch table `sales_data_exporter_order_statuses_index_batches` created. Total Items: 12, batches: ~0","elapsed":"00:00:00 735 ms","pid":"2683","caller":"bin\/magento index:reindex"} [] []
[2024-06-26T07:43:41.636316+00:00] main.INFO: {"feed":"salesOrderStatuses","operation":"full reindex(legacy)","status":"start processing `12` items in `1` threads with `100` batch size","elapsed":"00:00:00 735 ms","pid":"2683","caller":"bin\/magento index:reindex"} [] []
[2024-06-26T07:43:41.645524+00:00] main.INFO: {"feed":"salesOrderStatuses","operation":"full reindex(legacy)","status":"Progress 1\/1, processed 12, synced 12","elapsed":"00:00:00 744 ms","pid":"2683","caller":"bin\/magento index:reindex"} [] []
[2024-06-26T07:43:41.648257+00:00] main.INFO: {"feed":"salesOrderStatuses","operation":"full reindex(legacy)","status":"Complete","elapsed":"00:00:00 747 ms","pid":"2683","caller":"bin\/magento index:reindex"} [] []
[2024-06-26T07:44:27.466391+00:00] main.INFO: {"feed":"stores","operation":"full reindex(legacy)","status":"Initialize","elapsed":"00:00:00 543 ms","pid":"2686","caller":"bin\/magento setup:upgrade"} [] []
[2024-06-26T07:44:27.551996+00:00] main.INFO: {"feed":"stores","operation":"full reindex(legacy)","status":"Creating batch table `stores_data_exporter_index_batches`. Start position: 0","elapsed":"00:00:00 629 ms","pid":"2686","caller":"bin\/magento setup:upgrade"} [] []
[2024-06-26T07:44:27.596033+00:00] main.INFO: {"feed":"stores","operation":"full reindex(legacy)","status":"Batch table `stores_data_exporter_index_batches` created. Total Items: 1, batches: ~0","elapsed":"00:00:00 673 ms","pid":"2686","caller":"bin\/magento setup:upgrade"} [] []
[2024-06-26T07:44:27.596267+00:00] main.INFO: {"feed":"stores","operation":"full reindex(legacy)","status":"start processing `1` items in `1` threads with `100` batch size","elapsed":"00:00:00 673 ms","pid":"2686","caller":"bin\/magento setup:upgrade"} [] []
[2024-06-26T07:44:27.637774+00:00] main.INFO: {"feed":"stores","operation":"full reindex(legacy)","status":"Progress 1\/1, processed 1, synced 1","elapsed":"00:00:00 714 ms","pid":"2686","caller":"bin\/magento setup:upgrade"} [] []
[2024-06-26T07:44:27.642049+00:00] main.INFO: {"feed":"stores","operation":"full reindex(legacy)","status":"Complete","elapsed":"00:00:00 719 ms","pid":"2686","caller":"bin\/magento setup:upgrade"} [] []
[2024-06-26T07:44:27.676711+00:00] main.INFO: {"feed":"salesOrders","operation":"full reindex(legacy)","status":"Initialize","elapsed":"00:00:00 964 ms","pid":"2686","caller":"bin\/magento setup:upgrade"} [] []
[2024-06-26T07:44:27.747882+00:00] main.INFO: {"feed":"salesOrders","operation":"full reindex(legacy)","status":"Creating batch table `sales_data_exporter_orders_index_batches`. Start position: 0","elapsed":"00:00:01 35 ms","pid":"2686","caller":"bin\/magento setup:upgrade"} [] []
[2024-06-26T07:44:27.789127+00:00] main.INFO: {"feed":"salesOrders","operation":"full reindex(legacy)","status":"Batch table `sales_data_exporter_orders_index_batches` created. Total Items: 0, batches: ~0","elapsed":"00:00:01 76 ms","pid":"2686","caller":"bin\/magento setup:upgrade"} [] []
[2024-06-26T07:44:27.789301+00:00] main.INFO: {"feed":"salesOrders","operation":"full reindex(legacy)","status":"nothing to process - no items to sync. Not expected? Are there any items in source table `sales_order`?","elapsed":"00:00:01 76 ms","pid":"2686","caller":"bin\/magento setup:upgrade"} [] []
[2024-06-26T07:44:27.790525+00:00] main.INFO: {"feed":"salesOrders","operation":"full reindex(legacy)","status":"Complete","elapsed":"00:00:01 78 ms","pid":"2686","caller":"bin\/magento setup:upgrade"} [] []
[2024-06-26T07:44:27.809652+00:00] main.INFO: {"feed":"salesOrderStatuses","operation":"full reindex(legacy)","status":"Initialize","elapsed":"230 ms","pid":"2686","caller":"bin\/magento setup:upgrade"} [] []
[2024-06-26T07:44:27.876318+00:00] main.INFO: {"feed":"salesOrderStatuses","operation":"full reindex(legacy)","status":"Creating batch table `sales_data_exporter_order_statuses_index_batches`. Start position: ","elapsed":"296 ms","pid":"2686","caller":"bin\/magento setup:upgrade"} [] []
[2024-06-26T07:44:27.917958+00:00] main.INFO: {"feed":"salesOrderStatuses","operation":"full reindex(legacy)","status":"Batch table `sales_data_exporter_order_statuses_index_batches` created. Total Items: 12, batches: ~0","elapsed":"338 ms","pid":"2686","caller":"bin\/magento setup:upgrade"} [] []
[2024-06-26T07:44:27.918121+00:00] main.INFO: {"feed":"salesOrderStatuses","operation":"full reindex(legacy)","status":"start processing `12` items in `1` threads with `100` batch size","elapsed":"338 ms","pid":"2686","caller":"bin\/magento setup:upgrade"} [] []
[2024-06-26T07:44:27.932723+00:00] main.INFO: {"feed":"salesOrderStatuses","operation":"full reindex(legacy)","status":"Progress 1\/1, processed 12, synced 12","elapsed":"353 ms","pid":"2686","caller":"bin\/magento setup:upgrade"} [] []
[2024-06-26T07:44:27.939128+00:00] main.INFO: {"feed":"salesOrderStatuses","operation":"full reindex(legacy)","status":"Complete","elapsed":"359 ms","pid":"2686","caller":"bin\/magento setup:upgrade"} [] []
[2024-06-26T07:55:39.845945+00:00] main.INFO: {"feed":"stores","operation":"full reindex(legacy)","status":"Initialize","elapsed":"302 ms","pid":"2752","caller":"bin\/magento index:reindex"} [] []
[2024-06-26T07:55:39.918689+00:00] main.INFO: {"feed":"stores","operation":"full reindex(legacy)","status":"Creating batch table `stores_data_exporter_index_batches`. Start position: 0","elapsed":"375 ms","pid":"2752","caller":"bin\/magento index:reindex"} [] []
[2024-06-26T07:55:39.956262+00:00] main.INFO: {"feed":"stores","operation":"full reindex(legacy)","status":"Batch table `stores_data_exporter_index_batches` created. Total Items: 1, batches: ~0","elapsed":"413 ms","pid":"2752","caller":"bin\/magento index:reindex"} [] []
[2024-06-26T07:55:39.956427+00:00] main.INFO: {"feed":"stores","operation":"full reindex(legacy)","status":"start processing `1` items in `1` threads with `100` batch size","elapsed":"413 ms","pid":"2752","caller":"bin\/magento index:reindex"} [] []
[2024-06-26T07:55:39.994495+00:00] main.INFO: {"feed":"stores","operation":"full reindex(legacy)","status":"Progress 1\/1, processed 1, synced 1","elapsed":"451 ms","pid":"2752","caller":"bin\/magento index:reindex"} [] []
[2024-06-26T07:55:39.996835+00:00] main.INFO: {"feed":"stores","operation":"full reindex(legacy)","status":"Complete","elapsed":"453 ms","pid":"2752","caller":"bin\/magento index:reindex"} [] []
[2024-06-26T07:55:40.034507+00:00] main.INFO: {"feed":"salesOrders","operation":"full reindex(legacy)","status":"Initialize","elapsed":"679 ms","pid":"2752","caller":"bin\/magento index:reindex"} [] []
[2024-06-26T07:55:40.103202+00:00] main.INFO: {"feed":"salesOrders","operation":"full reindex(legacy)","status":"Creating batch table `sales_data_exporter_orders_index_batches`. Start position: 0","elapsed":"748 ms","pid":"2752","caller":"bin\/magento index:reindex"} [] []
[2024-06-26T07:55:40.140552+00:00] main.INFO: {"feed":"salesOrders","operation":"full reindex(legacy)","status":"Batch table `sales_data_exporter_orders_index_batches` created. Total Items: 0, batches: ~0","elapsed":"785 ms","pid":"2752","caller":"bin\/magento index:reindex"} [] []
[2024-06-26T07:55:40.140714+00:00] main.INFO: {"feed":"salesOrders","operation":"full reindex(legacy)","status":"nothing to process - no items to sync. Not expected? Are there any items in source table `sales_order`?","elapsed":"786 ms","pid":"2752","caller":"bin\/magento index:reindex"} [] []
[2024-06-26T07:55:40.141847+00:00] main.INFO: {"feed":"salesOrders","operation":"full reindex(legacy)","status":"Complete","elapsed":"787 ms","pid":"2752","caller":"bin\/magento index:reindex"} [] []
[2024-06-26T07:55:40.164083+00:00] main.INFO: {"feed":"salesOrderStatuses","operation":"full reindex(legacy)","status":"Initialize","elapsed":"938 ms","pid":"2752","caller":"bin\/magento index:reindex"} [] []
[2024-06-26T07:55:40.226097+00:00] main.INFO: {"feed":"salesOrderStatuses","operation":"full reindex(legacy)","status":"Creating batch table `sales_data_exporter_order_statuses_index_batches`. Start position: ","elapsed":"00:00:00 1 ms","pid":"2752","caller":"bin\/magento index:reindex"} [] []
[2024-06-26T07:55:40.274712+00:00] main.INFO: {"feed":"salesOrderStatuses","operation":"full reindex(legacy)","status":"Batch table `sales_data_exporter_order_statuses_index_batches` created. Total Items: 12, batches: ~0","elapsed":"00:00:00 49 ms","pid":"2752","caller":"bin\/magento index:reindex"} [] []
[2024-06-26T07:55:40.274916+00:00] main.INFO: {"feed":"salesOrderStatuses","operation":"full reindex(legacy)","status":"start processing `12` items in `1` threads with `100` batch size","elapsed":"00:00:00 49 ms","pid":"2752","caller":"bin\/magento index:reindex"} [] []
[2024-06-26T07:55:40.286545+00:00] main.INFO: {"feed":"salesOrderStatuses","operation":"full reindex(legacy)","status":"Progress 1\/1, processed 12, synced 12","elapsed":"00:00:00 61 ms","pid":"2752","caller":"bin\/magento index:reindex"} [] []
[2024-06-26T07:55:40.291288+00:00] main.INFO: {"feed":"salesOrderStatuses","operation":"full reindex(legacy)","status":"Complete","elapsed":"00:00:00 66 ms","pid":"2752","caller":"bin\/magento index:reindex"} [] []
[2024-06-26T07:56:06.946845+00:00] main.INFO: {"feed":"stores","operation":"full reindex(legacy)","status":"Initialize","elapsed":"504 ms","pid":"2755","caller":"bin\/magento setup:upgrade"} [] []
[2024-06-26T07:56:07.015314+00:00] main.INFO: {"feed":"stores","operation":"full reindex(legacy)","status":"Creating batch table `stores_data_exporter_index_batches`. Start position: 0","elapsed":"572 ms","pid":"2755","caller":"bin\/magento setup:upgrade"} [] []
[2024-06-26T07:56:07.058643+00:00] main.INFO: {"feed":"stores","operation":"full reindex(legacy)","status":"Batch table `stores_data_exporter_index_batches` created. Total Items: 1, batches: ~0","elapsed":"616 ms","pid":"2755","caller":"bin\/magento setup:upgrade"} [] []
[2024-06-26T07:56:07.058828+00:00] main.INFO: {"feed":"stores","operation":"full reindex(legacy)","status":"start processing `1` items in `1` threads with `100` batch size","elapsed":"616 ms","pid":"2755","caller":"bin\/magento setup:upgrade"} [] []
[2024-06-26T07:56:07.082569+00:00] main.INFO: {"feed":"stores","operation":"full reindex(legacy)","status":"Progress 1\/1, processed 1, synced 1","elapsed":"640 ms","pid":"2755","caller":"bin\/magento setup:upgrade"} [] []
[2024-06-26T07:56:07.085517+00:00] main.INFO: {"feed":"stores","operation":"full reindex(legacy)","status":"Complete","elapsed":"643 ms","pid":"2755","caller":"bin\/magento setup:upgrade"} [] []
[2024-06-26T07:56:07.108473+00:00] main.INFO: {"feed":"salesOrders","operation":"full reindex(legacy)","status":"Initialize","elapsed":"827 ms","pid":"2755","caller":"bin\/magento setup:upgrade"} [] []
[2024-06-26T07:56:07.180240+00:00] main.INFO: {"feed":"salesOrders","operation":"full reindex(legacy)","status":"Creating batch table `sales_data_exporter_orders_index_batches`. Start position: 0","elapsed":"899 ms","pid":"2755","caller":"bin\/magento setup:upgrade"} [] []
[2024-06-26T07:56:07.221302+00:00] main.INFO: {"feed":"salesOrders","operation":"full reindex(legacy)","status":"Batch table `sales_data_exporter_orders_index_batches` created. Total Items: 0, batches: ~0","elapsed":"940 ms","pid":"2755","caller":"bin\/magento setup:upgrade"} [] []
[2024-06-26T07:56:07.221454+00:00] main.INFO: {"feed":"salesOrders","operation":"full reindex(legacy)","status":"nothing to process - no items to sync. Not expected? Are there any items in source table `sales_order`?","elapsed":"940 ms","pid":"2755","caller":"bin\/magento setup:upgrade"} [] []
[2024-06-26T07:56:07.222508+00:00] main.INFO: {"feed":"salesOrders","operation":"full reindex(legacy)","status":"Complete","elapsed":"941 ms","pid":"2755","caller":"bin\/magento setup:upgrade"} [] []
[2024-06-26T07:56:07.243307+00:00] main.INFO: {"feed":"salesOrderStatuses","operation":"full reindex(legacy)","status":"Initialize","elapsed":"00:00:00 97 ms","pid":"2755","caller":"bin\/magento setup:upgrade"} [] []
[2024-06-26T07:56:07.316792+00:00] main.INFO: {"feed":"salesOrderStatuses","operation":"full reindex(legacy)","status":"Creating batch table `sales_data_exporter_order_statuses_index_batches`. Start position: ","elapsed":"00:00:00 170 ms","pid":"2755","caller":"bin\/magento setup:upgrade"} [] []
[2024-06-26T07:56:07.364873+00:00] main.INFO: {"feed":"salesOrderStatuses","operation":"full reindex(legacy)","status":"Batch table `sales_data_exporter_order_statuses_index_batches` created. Total Items: 12, batches: ~0","elapsed":"00:00:00 218 ms","pid":"2755","caller":"bin\/magento setup:upgrade"} [] []
[2024-06-26T07:56:07.365050+00:00] main.INFO: {"feed":"salesOrderStatuses","operation":"full reindex(legacy)","status":"start processing `12` items in `1` threads with `100` batch size","elapsed":"00:00:00 219 ms","pid":"2755","caller":"bin\/magento setup:upgrade"} [] []
[2024-06-26T07:56:07.377848+00:00] main.INFO: {"feed":"salesOrderStatuses","operation":"full reindex(legacy)","status":"Progress 1\/1, processed 12, synced 12","elapsed":"00:00:00 231 ms","pid":"2755","caller":"bin\/magento setup:upgrade"} [] []
[2024-06-26T07:56:07.380979+00:00] main.INFO: {"feed":"salesOrderStatuses","operation":"full reindex(legacy)","status":"Complete","elapsed":"00:00:00 235 ms","pid":"2755","caller":"bin\/magento setup:upgrade"} [] []
[2024-06-26T07:57:54.986287+00:00] main.INFO: {"feed":"stores","operation":"full reindex(legacy)","status":"Initialize","elapsed":"583 ms","pid":"2769","caller":"bin\/magento index:reindex"} [] []
[2024-06-26T07:57:55.061870+00:00] main.INFO: {"feed":"stores","operation":"full reindex(legacy)","status":"Creating batch table `stores_data_exporter_index_batches`. Start position: 0","elapsed":"658 ms","pid":"2769","caller":"bin\/magento index:reindex"} [] []
[2024-06-26T07:57:55.098863+00:00] main.INFO: {"feed":"stores","operation":"full reindex(legacy)","status":"Batch table `stores_data_exporter_index_batches` created. Total Items: 1, batches: ~0","elapsed":"695 ms","pid":"2769","caller":"bin\/magento index:reindex"} [] []
[2024-06-26T07:57:55.099045+00:00] main.INFO: {"feed":"stores","operation":"full reindex(legacy)","status":"start processing `1` items in `1` threads with `100` batch size","elapsed":"696 ms","pid":"2769","caller":"bin\/magento index:reindex"} [] []
[2024-06-26T07:57:55.138094+00:00] main.INFO: {"feed":"stores","operation":"full reindex(legacy)","status":"Progress 1\/1, processed 1, synced 1","elapsed":"735 ms","pid":"2769","caller":"bin\/magento index:reindex"} [] []
[2024-06-26T07:57:55.140466+00:00] main.INFO: {"feed":"stores","operation":"full reindex(legacy)","status":"Complete","elapsed":"737 ms","pid":"2769","caller":"bin\/magento index:reindex"} [] []
[2024-06-26T07:57:55.161162+00:00] main.INFO: {"feed":"salesOrders","operation":"full reindex(legacy)","status":"Initialize","elapsed":"933 ms","pid":"2769","caller":"bin\/magento index:reindex"} [] []
[2024-06-26T07:57:55.232158+00:00] main.INFO: {"feed":"salesOrders","operation":"full reindex(legacy)","status":"Creating batch table `sales_data_exporter_orders_index_batches`. Start position: 0","elapsed":"00:00:00 4 ms","pid":"2769","caller":"bin\/magento index:reindex"} [] []
[2024-06-26T07:57:55.279177+00:00] main.INFO: {"feed":"salesOrders","operation":"full reindex(legacy)","status":"Batch table `sales_data_exporter_orders_index_batches` created. Total Items: 0, batches: ~0","elapsed":"00:00:00 51 ms","pid":"2769","caller":"bin\/magento index:reindex"} [] []
[2024-06-26T07:57:55.279369+00:00] main.INFO: {"feed":"salesOrders","operation":"full reindex(legacy)","status":"nothing to process - no items to sync. Not expected? Are there any items in source table `sales_order`?","elapsed":"00:00:00 51 ms","pid":"2769","caller":"bin\/magento index:reindex"} [] []
[2024-06-26T07:57:55.280442+00:00] main.INFO: {"feed":"salesOrders","operation":"full reindex(legacy)","status":"Complete","elapsed":"00:00:00 52 ms","pid":"2769","caller":"bin\/magento index:reindex"} [] []
[2024-06-26T07:57:55.300324+00:00] main.INFO: {"feed":"salesOrderStatuses","operation":"full reindex(legacy)","status":"Initialize","elapsed":"00:00:00 211 ms","pid":"2769","caller":"bin\/magento index:reindex"} [] []
[2024-06-26T07:57:55.363839+00:00] main.INFO: {"feed":"salesOrderStatuses","operation":"full reindex(legacy)","status":"Creating batch table `sales_data_exporter_order_statuses_index_batches`. Start position: ","elapsed":"00:00:00 274 ms","pid":"2769","caller":"bin\/magento index:reindex"} [] []
[2024-06-26T07:57:55.403999+00:00] main.INFO: {"feed":"salesOrderStatuses","operation":"full reindex(legacy)","status":"Batch table `sales_data_exporter_order_statuses_index_batches` created. Total Items: 12, batches: ~0","elapsed":"00:00:00 315 ms","pid":"2769","caller":"bin\/magento index:reindex"} [] []
[2024-06-26T07:57:55.404168+00:00] main.INFO: {"feed":"salesOrderStatuses","operation":"full reindex(legacy)","status":"start processing `12` items in `1` threads with `100` batch size","elapsed":"00:00:00 315 ms","pid":"2769","caller":"bin\/magento index:reindex"} [] []
[2024-06-26T07:57:55.418936+00:00] main.INFO: {"feed":"salesOrderStatuses","operation":"full reindex(legacy)","status":"Progress 1\/1, processed 12, synced 12","elapsed":"00:00:00 330 ms","pid":"2769","caller":"bin\/magento index:reindex"} [] []
[2024-06-26T07:57:55.426715+00:00] main.INFO: {"feed":"salesOrderStatuses","operation":"full reindex(legacy)","status":"Complete","elapsed":"00:00:00 337 ms","pid":"2769","caller":"bin\/magento index:reindex"} [] []
[2024-06-26T07:58:22.226943+00:00] main.INFO: {"feed":"stores","operation":"full reindex(legacy)","status":"Initialize","elapsed":"00:00:00 64 ms","pid":"2772","caller":"bin\/magento setup:upgrade"} [] []
[2024-06-26T07:58:22.294804+00:00] main.INFO: {"feed":"stores","operation":"full reindex(legacy)","status":"Creating batch table `stores_data_exporter_index_batches`. Start position: 0","elapsed":"00:00:00 132 ms","pid":"2772","caller":"bin\/magento setup:upgrade"} [] []
[2024-06-26T07:58:22.350638+00:00] main.INFO: {"feed":"stores","operation":"full reindex(legacy)","status":"Batch table `stores_data_exporter_index_batches` created. Total Items: 1, batches: ~0","elapsed":"00:00:00 188 ms","pid":"2772","caller":"bin\/magento setup:upgrade"} [] []
[2024-06-26T07:58:22.350834+00:00] main.INFO: {"feed":"stores","operation":"full reindex(legacy)","status":"start processing `1` items in `1` threads with `100` batch size","elapsed":"00:00:00 188 ms","pid":"2772","caller":"bin\/magento setup:upgrade"} [] []
[2024-06-26T07:58:22.371288+00:00] main.INFO: {"feed":"stores","operation":"full reindex(legacy)","status":"Progress 1\/1, processed 1, synced 1","elapsed":"00:00:00 209 ms","pid":"2772","caller":"bin\/magento setup:upgrade"} [] []
[2024-06-26T07:58:22.377420+00:00] main.INFO: {"feed":"stores","operation":"full reindex(legacy)","status":"Complete","elapsed":"00:00:00 215 ms","pid":"2772","caller":"bin\/magento setup:upgrade"} [] []
[2024-06-26T07:58:22.402093+00:00] main.INFO: {"feed":"salesOrders","operation":"full reindex(legacy)","status":"Initialize","elapsed":"00:00:00 415 ms","pid":"2772","caller":"bin\/magento setup:upgrade"} [] []
[2024-06-26T07:58:22.476972+00:00] main.INFO: {"feed":"salesOrders","operation":"full reindex(legacy)","status":"Creating batch table `sales_data_exporter_orders_index_batches`. Start position: 0","elapsed":"00:00:00 489 ms","pid":"2772","caller":"bin\/magento setup:upgrade"} [] []
[2024-06-26T07:58:22.514634+00:00] main.INFO: {"feed":"salesOrders","operation":"full reindex(legacy)","status":"Batch table `sales_data_exporter_orders_index_batches` created. Total Items: 0, batches: ~0","elapsed":"00:00:00 527 ms","pid":"2772","caller":"bin\/magento setup:upgrade"} [] []
[2024-06-26T07:58:22.514792+00:00] main.INFO: {"feed":"salesOrders","operation":"full reindex(legacy)","status":"nothing to process - no items to sync. Not expected? Are there any items in source table `sales_order`?","elapsed":"00:00:00 527 ms","pid":"2772","caller":"bin\/magento setup:upgrade"} [] []
[2024-06-26T07:58:22.515908+00:00] main.INFO: {"feed":"salesOrders","operation":"full reindex(legacy)","status":"Complete","elapsed":"00:00:00 528 ms","pid":"2772","caller":"bin\/magento setup:upgrade"} [] []
[2024-06-26T07:58:22.540196+00:00] main.INFO: {"feed":"salesOrderStatuses","operation":"full reindex(legacy)","status":"Initialize","elapsed":"00:00:00 691 ms","pid":"2772","caller":"bin\/magento setup:upgrade"} [] []
[2024-06-26T07:58:22.603246+00:00] main.INFO: {"feed":"salesOrderStatuses","operation":"full reindex(legacy)","status":"Creating batch table `sales_data_exporter_order_statuses_index_batches`. Start position: ","elapsed":"00:00:00 754 ms","pid":"2772","caller":"bin\/magento setup:upgrade"} [] []
[2024-06-26T07:58:22.643431+00:00] main.INFO: {"feed":"salesOrderStatuses","operation":"full reindex(legacy)","status":"Batch table `sales_data_exporter_order_statuses_index_batches` created. Total Items: 12, batches: ~0","elapsed":"00:00:00 794 ms","pid":"2772","caller":"bin\/magento setup:upgrade"} [] []
[2024-06-26T07:58:22.643594+00:00] main.INFO: {"feed":"salesOrderStatuses","operation":"full reindex(legacy)","status":"start processing `12` items in `1` threads with `100` batch size","elapsed":"00:00:00 794 ms","pid":"2772","caller":"bin\/magento setup:upgrade"} [] []
[2024-06-26T07:58:22.661636+00:00] main.INFO: {"feed":"salesOrderStatuses","operation":"full reindex(legacy)","status":"Progress 1\/1, processed 12, synced 12","elapsed":"00:00:00 812 ms","pid":"2772","caller":"bin\/magento setup:upgrade"} [] []
[2024-06-26T07:58:22.668240+00:00] main.INFO: {"feed":"salesOrderStatuses","operation":"full reindex(legacy)","status":"Complete","elapsed":"00:00:00 819 ms","pid":"2772","caller":"bin\/magento setup:upgrade"} [] []
[2024-06-26T08:04:46.623798+00:00] main.INFO: {"feed":"stores","operation":"full reindex(legacy)","status":"Initialize","elapsed":"00:00:00 858 ms","pid":"2809","caller":"bin\/magento index:reindex"} [] []
[2024-06-26T08:04:46.698520+00:00] main.INFO: {"feed":"stores","operation":"full reindex(legacy)","status":"Creating batch table `stores_data_exporter_index_batches`. Start position: 0","elapsed":"00:00:01 933 ms","pid":"2809","caller":"bin\/magento index:reindex"} [] []
[2024-06-26T08:04:46.740425+00:00] main.INFO: {"feed":"stores","operation":"full reindex(legacy)","status":"Batch table `stores_data_exporter_index_batches` created. Total Items: 1, batches: ~0","elapsed":"00:00:01 975 ms","pid":"2809","caller":"bin\/magento index:reindex"} [] []
[2024-06-26T08:04:46.740582+00:00] main.INFO: {"feed":"stores","operation":"full reindex(legacy)","status":"start processing `1` items in `1` threads with `100` batch size","elapsed":"00:00:01 975 ms","pid":"2809","caller":"bin\/magento index:reindex"} [] []
[2024-06-26T08:04:46.784553+00:00] main.INFO: {"feed":"stores","operation":"full reindex(legacy)","status":"Progress 1\/1, processed 1, synced 1","elapsed":"00:00:01 19 ms","pid":"2809","caller":"bin\/magento index:reindex"} [] []
[2024-06-26T08:04:46.790492+00:00] main.INFO: {"feed":"stores","operation":"full reindex(legacy)","status":"Complete","elapsed":"00:00:01 25 ms","pid":"2809","caller":"bin\/magento index:reindex"} [] []
[2024-06-26T08:04:46.816052+00:00] main.INFO: {"feed":"salesOrders","operation":"full reindex(legacy)","status":"Initialize","elapsed":"242 ms","pid":"2809","caller":"bin\/magento index:reindex"} [] []
[2024-06-26T08:04:46.885327+00:00] main.INFO: {"feed":"salesOrders","operation":"full reindex(legacy)","status":"Creating batch table `sales_data_exporter_orders_index_batches`. Start position: 0","elapsed":"312 ms","pid":"2809","caller":"bin\/magento index:reindex"} [] []
[2024-06-26T08:04:46.922389+00:00] main.INFO: {"feed":"salesOrders","operation":"full reindex(legacy)","status":"Batch table `sales_data_exporter_orders_index_batches` created. Total Items: 0, batches: ~0","elapsed":"349 ms","pid":"2809","caller":"bin\/magento index:reindex"} [] []
[2024-06-26T08:04:46.922553+00:00] main.INFO: {"feed":"salesOrders","operation":"full reindex(legacy)","status":"nothing to process - no items to sync. Not expected? Are there any items in source table `sales_order`?","elapsed":"349 ms","pid":"2809","caller":"bin\/magento index:reindex"} [] []
[2024-06-26T08:04:46.923632+00:00] main.INFO: {"feed":"salesOrders","operation":"full reindex(legacy)","status":"Complete","elapsed":"350 ms","pid":"2809","caller":"bin\/magento index:reindex"} [] []
[2024-06-26T08:04:46.951706+00:00] main.INFO: {"feed":"salesOrderStatuses","operation":"full reindex(legacy)","status":"Initialize","elapsed":"514 ms","pid":"2809","caller":"bin\/magento index:reindex"} [] []
[2024-06-26T08:04:47.022168+00:00] main.INFO: {"feed":"salesOrderStatuses","operation":"full reindex(legacy)","status":"Creating batch table `sales_data_exporter_order_statuses_index_batches`. Start position: ","elapsed":"584 ms","pid":"2809","caller":"bin\/magento index:reindex"} [] []
[2024-06-26T08:04:47.063364+00:00] main.INFO: {"feed":"salesOrderStatuses","operation":"full reindex(legacy)","status":"Batch table `sales_data_exporter_order_statuses_index_batches` created. Total Items: 12, batches: ~0","elapsed":"625 ms","pid":"2809","caller":"bin\/magento index:reindex"} [] []
[2024-06-26T08:04:47.063536+00:00] main.INFO: {"feed":"salesOrderStatuses","operation":"full reindex(legacy)","status":"start processing `12` items in `1` threads with `100` batch size","elapsed":"626 ms","pid":"2809","caller":"bin\/magento index:reindex"} [] []
[2024-06-26T08:04:47.076464+00:00] main.INFO: {"feed":"salesOrderStatuses","operation":"full reindex(legacy)","status":"Progress 1\/1, processed 12, synced 12","elapsed":"638 ms","pid":"2809","caller":"bin\/magento index:reindex"} [] []
[2024-06-26T08:04:47.080067+00:00] main.INFO: {"feed":"salesOrderStatuses","operation":"full reindex(legacy)","status":"Complete","elapsed":"642 ms","pid":"2809","caller":"bin\/magento index:reindex"} [] []
[2024-06-26T08:05:15.041951+00:00] main.INFO: {"feed":"stores","operation":"full reindex(legacy)","status":"Initialize","elapsed":"694 ms","pid":"2812","caller":"bin\/magento setup:upgrade"} [] []
[2024-06-26T08:05:15.138777+00:00] main.INFO: {"feed":"stores","operation":"full reindex(legacy)","status":"Creating batch table `stores_data_exporter_index_batches`. Start position: 0","elapsed":"791 ms","pid":"2812","caller":"bin\/magento setup:upgrade"} [] []
[2024-06-26T08:05:15.177319+00:00] main.INFO: {"feed":"stores","operation":"full reindex(legacy)","status":"Batch table `stores_data_exporter_index_batches` created. Total Items: 1, batches: ~0","elapsed":"830 ms","pid":"2812","caller":"bin\/magento setup:upgrade"} [] []
[2024-06-26T08:05:15.177487+00:00] main.INFO: {"feed":"stores","operation":"full reindex(legacy)","status":"start processing `1` items in `1` threads with `100` batch size","elapsed":"830 ms","pid":"2812","caller":"bin\/magento setup:upgrade"} [] []
[2024-06-26T08:05:15.197694+00:00] main.INFO: {"feed":"stores","operation":"full reindex(legacy)","status":"Progress 1\/1, processed 1, synced 1","elapsed":"850 ms","pid":"2812","caller":"bin\/magento setup:upgrade"} [] []
[2024-06-26T08:05:15.200959+00:00] main.INFO: {"feed":"stores","operation":"full reindex(legacy)","status":"Complete","elapsed":"853 ms","pid":"2812","caller":"bin\/magento setup:upgrade"} [] []
[2024-06-26T08:05:15.223693+00:00] main.INFO: {"feed":"salesOrders","operation":"full reindex(legacy)","status":"Initialize","elapsed":"00:00:00 58 ms","pid":"2812","caller":"bin\/magento setup:upgrade"} [] []
[2024-06-26T08:05:15.292038+00:00] main.INFO: {"feed":"salesOrders","operation":"full reindex(legacy)","status":"Creating batch table `sales_data_exporter_orders_index_batches`. Start position: 0","elapsed":"00:00:00 126 ms","pid":"2812","caller":"bin\/magento setup:upgrade"} [] []
[2024-06-26T08:05:15.326579+00:00] main.INFO: {"feed":"salesOrders","operation":"full reindex(legacy)","status":"Batch table `sales_data_exporter_orders_index_batches` created. Total Items: 0, batches: ~0","elapsed":"00:00:00 161 ms","pid":"2812","caller":"bin\/magento setup:upgrade"} [] []
[2024-06-26T08:05:15.326732+00:00] main.INFO: {"feed":"salesOrders","operation":"full reindex(legacy)","status":"nothing to process - no items to sync. Not expected? Are there any items in source table `sales_order`?","elapsed":"00:00:00 161 ms","pid":"2812","caller":"bin\/magento setup:upgrade"} [] []
[2024-06-26T08:05:15.327840+00:00] main.INFO: {"feed":"salesOrders","operation":"full reindex(legacy)","status":"Complete","elapsed":"00:00:00 162 ms","pid":"2812","caller":"bin\/magento setup:upgrade"} [] []
[2024-06-26T08:05:15.344761+00:00] main.INFO: {"feed":"salesOrderStatuses","operation":"full reindex(legacy)","status":"Initialize","elapsed":"00:00:00 300 ms","pid":"2812","caller":"bin\/magento setup:upgrade"} [] []
[2024-06-26T08:05:15.410584+00:00] main.INFO: {"feed":"salesOrderStatuses","operation":"full reindex(legacy)","status":"Creating batch table `sales_data_exporter_order_statuses_index_batches`. Start position: ","elapsed":"00:00:00 366 ms","pid":"2812","caller":"bin\/magento setup:upgrade"} [] []
[2024-06-26T08:05:15.448096+00:00] main.INFO: {"feed":"salesOrderStatuses","operation":"full reindex(legacy)","status":"Batch table `sales_data_exporter_order_statuses_index_batches` created. Total Items: 12, batches: ~0","elapsed":"00:00:00 403 ms","pid":"2812","caller":"bin\/magento setup:upgrade"} [] []
[2024-06-26T08:05:15.448258+00:00] main.INFO: {"feed":"salesOrderStatuses","operation":"full reindex(legacy)","status":"start processing `12` items in `1` threads with `100` batch size","elapsed":"00:00:00 403 ms","pid":"2812","caller":"bin\/magento setup:upgrade"} [] []
[2024-06-26T08:05:15.458685+00:00] main.INFO: {"feed":"salesOrderStatuses","operation":"full reindex(legacy)","status":"Progress 1\/1, processed 12, synced 12","elapsed":"00:00:00 414 ms","pid":"2812","caller":"bin\/magento setup:upgrade"} [] []
[2024-06-26T08:05:15.461634+00:00] main.INFO: {"feed":"salesOrderStatuses","operation":"full reindex(legacy)","status":"Complete","elapsed":"00:00:00 417 ms","pid":"2812","caller":"bin\/magento setup:upgrade"} [] []
[2024-06-26T11:17:56.889973+00:00] main.INFO: {"feed":"stores","operation":"full reindex(legacy)","status":"Initialize","elapsed":"390 ms","pid":"4907","caller":"bin\/magento s:up"} [] []
[2024-06-26T11:17:56.996316+00:00] main.INFO: {"feed":"stores","operation":"full reindex(legacy)","status":"Creating batch table `stores_data_exporter_index_batches`. Start position: 0","elapsed":"496 ms","pid":"4907","caller":"bin\/magento s:up"} [] []
[2024-06-26T11:17:57.059574+00:00] main.INFO: {"feed":"stores","operation":"full reindex(legacy)","status":"Batch table `stores_data_exporter_index_batches` created. Total Items: 1, batches: ~0","elapsed":"560 ms","pid":"4907","caller":"bin\/magento s:up"} [] []
[2024-06-26T11:17:57.059729+00:00] main.INFO: {"feed":"stores","operation":"full reindex(legacy)","status":"start processing `1` items in `1` threads with `100` batch size","elapsed":"560 ms","pid":"4907","caller":"bin\/magento s:up"} [] []
[2024-06-26T11:17:57.106530+00:00] main.INFO: {"feed":"stores","operation":"full reindex(legacy)","status":"Progress 1\/1, processed 1, synced 1","elapsed":"607 ms","pid":"4907","caller":"bin\/magento s:up"} [] []
[2024-06-26T11:17:57.112819+00:00] main.INFO: {"feed":"stores","operation":"full reindex(legacy)","status":"Complete","elapsed":"613 ms","pid":"4907","caller":"bin\/magento s:up"} [] []
[2024-06-26T11:17:57.136655+00:00] main.INFO: {"feed":"salesOrders","operation":"full reindex(legacy)","status":"Initialize","elapsed":"884 ms","pid":"4907","caller":"bin\/magento s:up"} [] []
[2024-06-26T11:17:57.230685+00:00] main.INFO: {"feed":"salesOrders","operation":"full reindex(legacy)","status":"Creating batch table `sales_data_exporter_orders_index_batches`. Start position: 0","elapsed":"978 ms","pid":"4907","caller":"bin\/magento s:up"} [] []
[2024-06-26T11:17:57.287238+00:00] main.INFO: {"feed":"salesOrders","operation":"full reindex(legacy)","status":"Batch table `sales_data_exporter_orders_index_batches` created. Total Items: 0, batches: ~0","elapsed":"00:00:00 34 ms","pid":"4907","caller":"bin\/magento s:up"} [] []
[2024-06-26T11:17:57.287362+00:00] main.INFO: {"feed":"salesOrders","operation":"full reindex(legacy)","status":"nothing to process - no items to sync. Not expected? Are there any items in source table `sales_order`?","elapsed":"00:00:00 34 ms","pid":"4907","caller":"bin\/magento s:up"} [] []
[2024-06-26T11:17:57.288396+00:00] main.INFO: {"feed":"salesOrders","operation":"full reindex(legacy)","status":"Complete","elapsed":"00:00:00 35 ms","pid":"4907","caller":"bin\/magento s:up"} [] []
[2024-06-26T11:17:57.317650+00:00] main.INFO: {"feed":"salesOrderStatuses","operation":"full reindex(legacy)","status":"Initialize","elapsed":"00:00:00 246 ms","pid":"4907","caller":"bin\/magento s:up"} [] []
[2024-06-26T11:17:57.417567+00:00] main.INFO: {"feed":"salesOrderStatuses","operation":"full reindex(legacy)","status":"Creating batch table `sales_data_exporter_order_statuses_index_batches`. Start position: ","elapsed":"00:00:00 346 ms","pid":"4907","caller":"bin\/magento s:up"} [] []
[2024-06-26T11:17:57.474989+00:00] main.INFO: {"feed":"salesOrderStatuses","operation":"full reindex(legacy)","status":"Batch table `sales_data_exporter_order_statuses_index_batches` created. Total Items: 12, batches: ~0","elapsed":"00:00:00 403 ms","pid":"4907","caller":"bin\/magento s:up"} [] []
[2024-06-26T11:17:57.475149+00:00] main.INFO: {"feed":"salesOrderStatuses","operation":"full reindex(legacy)","status":"start processing `12` items in `1` threads with `100` batch size","elapsed":"00:00:00 403 ms","pid":"4907","caller":"bin\/magento s:up"} [] []
[2024-06-26T11:17:57.490739+00:00] main.INFO: {"feed":"salesOrderStatuses","operation":"full reindex(legacy)","status":"Progress 1\/1, processed 12, synced 12","elapsed":"00:00:00 419 ms","pid":"4907","caller":"bin\/magento s:up"} [] []
[2024-06-26T11:17:57.493774+00:00] main.INFO: {"feed":"salesOrderStatuses","operation":"full reindex(legacy)","status":"Complete","elapsed":"00:00:00 422 ms","pid":"4907","caller":"bin\/magento s:up"} [] []
[2024-06-26T11:18:31.386621+00:00] main.INFO: {"feed":"stores","operation":"full reindex(legacy)","status":"Initialize","elapsed":"00:00:00 383 ms","pid":"4909","caller":"bin\/magento index:reindex"} [] []
[2024-06-26T11:18:31.469915+00:00] main.INFO: {"feed":"stores","operation":"full reindex(legacy)","status":"Creating batch table `stores_data_exporter_index_batches`. Start position: 0","elapsed":"00:00:00 467 ms","pid":"4909","caller":"bin\/magento index:reindex"} [] []
[2024-06-26T11:18:31.529552+00:00] main.INFO: {"feed":"stores","operation":"full reindex(legacy)","status":"Batch table `stores_data_exporter_index_batches` created. Total Items: 1, batches: ~0","elapsed":"00:00:00 526 ms","pid":"4909","caller":"bin\/magento index:reindex"} [] []
[2024-06-26T11:18:31.529696+00:00] main.INFO: {"feed":"stores","operation":"full reindex(legacy)","status":"start processing `1` items in `1` threads with `100` batch size","elapsed":"00:00:00 526 ms","pid":"4909","caller":"bin\/magento index:reindex"} [] []
[2024-06-26T11:18:31.544383+00:00] main.INFO: {"feed":"stores","operation":"full reindex(legacy)","status":"Progress 1\/1, processed 1, synced 1","elapsed":"00:00:00 541 ms","pid":"4909","caller":"bin\/magento index:reindex"} [] []
[2024-06-26T11:18:31.550368+00:00] main.INFO: {"feed":"stores","operation":"full reindex(legacy)","status":"Complete","elapsed":"00:00:00 547 ms","pid":"4909","caller":"bin\/magento index:reindex"} [] []
[2024-06-26T11:18:31.575902+00:00] main.INFO: {"feed":"salesOrders","operation":"full reindex(legacy)","status":"Initialize","elapsed":"00:00:00 762 ms","pid":"4909","caller":"bin\/magento index:reindex"} [] []
[2024-06-26T11:18:31.665678+00:00] main.INFO: {"feed":"salesOrders","operation":"full reindex(legacy)","status":"Creating batch table `sales_data_exporter_orders_index_batches`. Start position: 0","elapsed":"00:00:00 852 ms","pid":"4909","caller":"bin\/magento index:reindex"} [] []
[2024-06-26T11:18:31.720154+00:00] main.INFO: {"feed":"salesOrders","operation":"full reindex(legacy)","status":"Batch table `sales_data_exporter_orders_index_batches` created. Total Items: 0, batches: ~0","elapsed":"00:00:01 906 ms","pid":"4909","caller":"bin\/magento index:reindex"} [] []
[2024-06-26T11:18:31.720290+00:00] main.INFO: {"feed":"salesOrders","operation":"full reindex(legacy)","status":"nothing to process - no items to sync. Not expected? Are there any items in source table `sales_order`?","elapsed":"00:00:01 907 ms","pid":"4909","caller":"bin\/magento index:reindex"} [] []
[2024-06-26T11:18:31.721490+00:00] main.INFO: {"feed":"salesOrders","operation":"full reindex(legacy)","status":"Complete","elapsed":"00:00:01 908 ms","pid":"4909","caller":"bin\/magento index:reindex"} [] []
[2024-06-26T11:18:31.739304+00:00] main.INFO: {"feed":"salesOrderStatuses","operation":"full reindex(legacy)","status":"Initialize","elapsed":"89 ms","pid":"4909","caller":"bin\/magento index:reindex"} [] []
[2024-06-26T11:18:31.829198+00:00] main.INFO: {"feed":"salesOrderStatuses","operation":"full reindex(legacy)","status":"Creating batch table `sales_data_exporter_order_statuses_index_batches`. Start position: ","elapsed":"179 ms","pid":"4909","caller":"bin\/magento index:reindex"} [] []
[2024-06-26T11:18:31.888221+00:00] main.INFO: {"feed":"salesOrderStatuses","operation":"full reindex(legacy)","status":"Batch table `sales_data_exporter_order_statuses_index_batches` created. Total Items: 12, batches: ~0","elapsed":"238 ms","pid":"4909","caller":"bin\/magento index:reindex"} [] []
[2024-06-26T11:18:31.888367+00:00] main.INFO: {"feed":"salesOrderStatuses","operation":"full reindex(legacy)","status":"start processing `12` items in `1` threads with `100` batch size","elapsed":"238 ms","pid":"4909","caller":"bin\/magento index:reindex"} [] []
[2024-06-26T11:18:31.902454+00:00] main.INFO: {"feed":"salesOrderStatuses","operation":"full reindex(legacy)","status":"Progress 1\/1, processed 12, synced 12","elapsed":"252 ms","pid":"4909","caller":"bin\/magento index:reindex"} [] []
[2024-06-26T11:18:31.907114+00:00] main.INFO: {"feed":"salesOrderStatuses","operation":"full reindex(legacy)","status":"Complete","elapsed":"257 ms","pid":"4909","caller":"bin\/magento index:reindex"} [] []
[2024-06-26T11:19:01.099920+00:00] main.INFO: {"feed":"stores","operation":"full reindex(legacy)","status":"Initialize","elapsed":"810 ms","pid":"4911","caller":"bin\/magento s:up"} [] []
[2024-06-26T11:19:01.194440+00:00] main.INFO: {"feed":"stores","operation":"full reindex(legacy)","status":"Creating batch table `stores_data_exporter_index_batches`. Start position: 0","elapsed":"904 ms","pid":"4911","caller":"bin\/magento s:up"} [] []
[2024-06-26T11:19:01.249123+00:00] main.INFO: {"feed":"stores","operation":"full reindex(legacy)","status":"Batch table `stores_data_exporter_index_batches` created. Total Items: 1, batches: ~0","elapsed":"959 ms","pid":"4911","caller":"bin\/magento s:up"} [] []
[2024-06-26T11:19:01.249277+00:00] main.INFO: {"feed":"stores","operation":"full reindex(legacy)","status":"start processing `1` items in `1` threads with `100` batch size","elapsed":"959 ms","pid":"4911","caller":"bin\/magento s:up"} [] []
[2024-06-26T11:19:01.314038+00:00] main.INFO: {"feed":"stores","operation":"full reindex(legacy)","status":"Progress 1\/1, processed 1, synced 1","elapsed":"00:00:00 24 ms","pid":"4911","caller":"bin\/magento s:up"} [] []
[2024-06-26T11:19:01.317732+00:00] main.INFO: {"feed":"stores","operation":"full reindex(legacy)","status":"Complete","elapsed":"00:00:00 28 ms","pid":"4911","caller":"bin\/magento s:up"} [] []
[2024-06-26T11:19:01.347989+00:00] main.INFO: {"feed":"salesOrders","operation":"full reindex(legacy)","status":"Initialize","elapsed":"00:00:00 306 ms","pid":"4911","caller":"bin\/magento s:up"} [] []
[2024-06-26T11:19:01.445195+00:00] main.INFO: {"feed":"salesOrders","operation":"full reindex(legacy)","status":"Creating batch table `sales_data_exporter_orders_index_batches`. Start position: 0","elapsed":"00:00:00 404 ms","pid":"4911","caller":"bin\/magento s:up"} [] []
[2024-06-26T11:19:01.498804+00:00] main.INFO: {"feed":"salesOrders","operation":"full reindex(legacy)","status":"Batch table `sales_data_exporter_orders_index_batches` created. Total Items: 0, batches: ~0","elapsed":"00:00:00 457 ms","pid":"4911","caller":"bin\/magento s:up"} [] []
[2024-06-26T11:19:01.498976+00:00] main.INFO: {"feed":"salesOrders","operation":"full reindex(legacy)","status":"nothing to process - no items to sync. Not expected? Are there any items in source table `sales_order`?","elapsed":"00:00:00 457 ms","pid":"4911","caller":"bin\/magento s:up"} [] []
[2024-06-26T11:19:01.500164+00:00] main.INFO: {"feed":"salesOrders","operation":"full reindex(legacy)","status":"Complete","elapsed":"00:00:00 458 ms","pid":"4911","caller":"bin\/magento s:up"} [] []
[2024-06-26T11:19:01.526572+00:00] main.INFO: {"feed":"salesOrderStatuses","operation":"full reindex(legacy)","status":"Initialize","elapsed":"00:00:00 663 ms","pid":"4911","caller":"bin\/magento s:up"} [] []
[2024-06-26T11:19:01.612836+00:00] main.INFO: {"feed":"salesOrderStatuses","operation":"full reindex(legacy)","status":"Creating batch table `sales_data_exporter_order_statuses_index_batches`. Start position: ","elapsed":"00:00:00 750 ms","pid":"4911","caller":"bin\/magento s:up"} [] []
[2024-06-26T11:19:01.671752+00:00] main.INFO: {"feed":"salesOrderStatuses","operation":"full reindex(legacy)","status":"Batch table `sales_data_exporter_order_statuses_index_batches` created. Total Items: 12, batches: ~0","elapsed":"00:00:00 809 ms","pid":"4911","caller":"bin\/magento s:up"} [] []
[2024-06-26T11:19:01.671906+00:00] main.INFO: {"feed":"salesOrderStatuses","operation":"full reindex(legacy)","status":"start processing `12` items in `1` threads with `100` batch size","elapsed":"00:00:00 809 ms","pid":"4911","caller":"bin\/magento s:up"} [] []
[2024-06-26T11:19:01.687586+00:00] main.INFO: {"feed":"salesOrderStatuses","operation":"full reindex(legacy)","status":"Progress 1\/1, processed 12, synced 12","elapsed":"00:00:00 824 ms","pid":"4911","caller":"bin\/magento s:up"} [] []
[2024-06-26T11:19:01.693757+00:00] main.INFO: {"feed":"salesOrderStatuses","operation":"full reindex(legacy)","status":"Complete","elapsed":"00:00:00 831 ms","pid":"4911","caller":"bin\/magento s:up"} [] []
[2024-06-26T11:31:03.479160+00:00] main.INFO: {"feed":"stores","operation":"full reindex(legacy)","status":"Initialize","elapsed":"00:00:00 568 ms","pid":"4958","caller":"bin\/magento index:reindex"} [] []
[2024-06-26T11:31:03.579968+00:00] main.INFO: {"feed":"stores","operation":"full reindex(legacy)","status":"Creating batch table `stores_data_exporter_index_batches`. Start position: 0","elapsed":"00:00:00 669 ms","pid":"4958","caller":"bin\/magento index:reindex"} [] []
[2024-06-26T11:31:03.633525+00:00] main.INFO: {"feed":"stores","operation":"full reindex(legacy)","status":"Batch table `stores_data_exporter_index_batches` created. Total Items: 1, batches: ~0","elapsed":"00:00:00 722 ms","pid":"4958","caller":"bin\/magento index:reindex"} [] []
[2024-06-26T11:31:03.633662+00:00] main.INFO: {"feed":"stores","operation":"full reindex(legacy)","status":"start processing `1` items in `1` threads with `100` batch size","elapsed":"00:00:00 723 ms","pid":"4958","caller":"bin\/magento index:reindex"} [] []
[2024-06-26T11:31:03.682181+00:00] main.INFO: {"feed":"stores","operation":"full reindex(legacy)","status":"Progress 1\/1, processed 1, synced 1","elapsed":"00:00:00 771 ms","pid":"4958","caller":"bin\/magento index:reindex"} [] []
[2024-06-26T11:31:03.688075+00:00] main.INFO: {"feed":"stores","operation":"full reindex(legacy)","status":"Complete","elapsed":"00:00:00 777 ms","pid":"4958","caller":"bin\/magento index:reindex"} [] []
[2024-06-26T11:31:03.718563+00:00] main.INFO: {"feed":"salesOrders","operation":"full reindex(legacy)","status":"Initialize","elapsed":"47 ms","pid":"4958","caller":"bin\/magento index:reindex"} [] []
[2024-06-26T11:31:03.818064+00:00] main.INFO: {"feed":"salesOrders","operation":"full reindex(legacy)","status":"Creating batch table `sales_data_exporter_orders_index_batches`. Start position: 0","elapsed":"147 ms","pid":"4958","caller":"bin\/magento index:reindex"} [] []
[2024-06-26T11:31:03.873863+00:00] main.INFO: {"feed":"salesOrders","operation":"full reindex(legacy)","status":"Batch table `sales_data_exporter_orders_index_batches` created. Total Items: 0, batches: ~0","elapsed":"203 ms","pid":"4958","caller":"bin\/magento index:reindex"} [] []
[2024-06-26T11:31:03.874002+00:00] main.INFO: {"feed":"salesOrders","operation":"full reindex(legacy)","status":"nothing to process - no items to sync. Not expected? Are there any items in source table `sales_order`?","elapsed":"203 ms","pid":"4958","caller":"bin\/magento index:reindex"} [] []
[2024-06-26T11:31:03.875029+00:00] main.INFO: {"feed":"salesOrders","operation":"full reindex(legacy)","status":"Complete","elapsed":"204 ms","pid":"4958","caller":"bin\/magento index:reindex"} [] []
[2024-06-26T11:31:03.901424+00:00] main.INFO: {"feed":"salesOrderStatuses","operation":"full reindex(legacy)","status":"Initialize","elapsed":"413 ms","pid":"4958","caller":"bin\/magento index:reindex"} [] []
[2024-06-26T11:31:03.995442+00:00] main.INFO: {"feed":"salesOrderStatuses","operation":"full reindex(legacy)","status":"Creating batch table `sales_data_exporter_order_statuses_index_batches`. Start position: ","elapsed":"507 ms","pid":"4958","caller":"bin\/magento index:reindex"} [] []
[2024-06-26T11:31:04.071038+00:00] main.INFO: {"feed":"salesOrderStatuses","operation":"full reindex(legacy)","status":"Batch table `sales_data_exporter_order_statuses_index_batches` created. Total Items: 12, batches: ~0","elapsed":"583 ms","pid":"4958","caller":"bin\/magento index:reindex"} [] []
[2024-06-26T11:31:04.071184+00:00] main.INFO: {"feed":"salesOrderStatuses","operation":"full reindex(legacy)","status":"start processing `12` items in `1` threads with `100` batch size","elapsed":"583 ms","pid":"4958","caller":"bin\/magento index:reindex"} [] []
[2024-06-26T11:31:04.092288+00:00] main.INFO: {"feed":"salesOrderStatuses","operation":"full reindex(legacy)","status":"Progress 1\/1, processed 12, synced 12","elapsed":"604 ms","pid":"4958","caller":"bin\/magento index:reindex"} [] []
[2024-06-26T11:31:04.098500+00:00] main.INFO: {"feed":"salesOrderStatuses","operation":"full reindex(legacy)","status":"Complete","elapsed":"610 ms","pid":"4958","caller":"bin\/magento index:reindex"} [] []
[2024-06-26T11:31:34.303968+00:00] main.INFO: {"feed":"stores","operation":"full reindex(legacy)","status":"Initialize","elapsed":"00:00:00 218 ms","pid":"4960","caller":"bin\/magento s:up"} [] []
[2024-06-26T11:31:34.409688+00:00] main.INFO: {"feed":"stores","operation":"full reindex(legacy)","status":"Creating batch table `stores_data_exporter_index_batches`. Start position: 0","elapsed":"00:00:00 324 ms","pid":"4960","caller":"bin\/magento s:up"} [] []
[2024-06-26T11:31:34.464993+00:00] main.INFO: {"feed":"stores","operation":"full reindex(legacy)","status":"Batch table `stores_data_exporter_index_batches` created. Total Items: 1, batches: ~0","elapsed":"00:00:00 379 ms","pid":"4960","caller":"bin\/magento s:up"} [] []
[2024-06-26T11:31:34.465139+00:00] main.INFO: {"feed":"stores","operation":"full reindex(legacy)","status":"start processing `1` items in `1` threads with `100` batch size","elapsed":"00:00:00 379 ms","pid":"4960","caller":"bin\/magento s:up"} [] []
[2024-06-26T11:31:34.493457+00:00] main.INFO: {"feed":"stores","operation":"full reindex(legacy)","status":"Progress 1\/1, processed 1, synced 1","elapsed":"00:00:00 408 ms","pid":"4960","caller":"bin\/magento s:up"} [] []
[2024-06-26T11:31:34.499359+00:00] main.INFO: {"feed":"stores","operation":"full reindex(legacy)","status":"Complete","elapsed":"00:00:00 413 ms","pid":"4960","caller":"bin\/magento s:up"} [] []
[2024-06-26T11:31:34.528154+00:00] main.INFO: {"feed":"salesOrders","operation":"full reindex(legacy)","status":"Initialize","elapsed":"00:00:00 667 ms","pid":"4960","caller":"bin\/magento s:up"} [] []
[2024-06-26T11:31:34.632083+00:00] main.INFO: {"feed":"salesOrders","operation":"full reindex(legacy)","status":"Creating batch table `sales_data_exporter_orders_index_batches`. Start position: 0","elapsed":"00:00:00 771 ms","pid":"4960","caller":"bin\/magento s:up"} [] []
[2024-06-26T11:31:34.688045+00:00] main.INFO: {"feed":"salesOrders","operation":"full reindex(legacy)","status":"Batch table `sales_data_exporter_orders_index_batches` created. Total Items: 0, batches: ~0","elapsed":"00:00:00 827 ms","pid":"4960","caller":"bin\/magento s:up"} [] []
[2024-06-26T11:31:34.688184+00:00] main.INFO: {"feed":"salesOrders","operation":"full reindex(legacy)","status":"nothing to process - no items to sync. Not expected? Are there any items in source table `sales_order`?","elapsed":"00:00:00 827 ms","pid":"4960","caller":"bin\/magento s:up"} [] []
[2024-06-26T11:31:34.689406+00:00] main.INFO: {"feed":"salesOrders","operation":"full reindex(legacy)","status":"Complete","elapsed":"00:00:00 828 ms","pid":"4960","caller":"bin\/magento s:up"} [] []
[2024-06-26T11:31:34.710556+00:00] main.INFO: {"feed":"salesOrderStatuses","operation":"full reindex(legacy)","status":"Initialize","elapsed":"31 ms","pid":"4960","caller":"bin\/magento s:up"} [] []
[2024-06-26T11:31:34.796197+00:00] main.INFO: {"feed":"salesOrderStatuses","operation":"full reindex(legacy)","status":"Creating batch table `sales_data_exporter_order_statuses_index_batches`. Start position: ","elapsed":"117 ms","pid":"4960","caller":"bin\/magento s:up"} [] []
[2024-06-26T11:31:34.851579+00:00] main.INFO: {"feed":"salesOrderStatuses","operation":"full reindex(legacy)","status":"Batch table `sales_data_exporter_order_statuses_index_batches` created. Total Items: 12, batches: ~0","elapsed":"172 ms","pid":"4960","caller":"bin\/magento s:up"} [] []
[2024-06-26T11:31:34.851730+00:00] main.INFO: {"feed":"salesOrderStatuses","operation":"full reindex(legacy)","status":"start processing `12` items in `1` threads with `100` batch size","elapsed":"173 ms","pid":"4960","caller":"bin\/magento s:up"} [] []
[2024-06-26T11:31:34.867250+00:00] main.INFO: {"feed":"salesOrderStatuses","operation":"full reindex(legacy)","status":"Progress 1\/1, processed 12, synced 12","elapsed":"188 ms","pid":"4960","caller":"bin\/magento s:up"} [] []
[2024-06-26T11:31:34.876728+00:00] main.INFO: {"feed":"salesOrderStatuses","operation":"full reindex(legacy)","status":"Complete","elapsed":"198 ms","pid":"4960","caller":"bin\/magento s:up"} [] []
[2024-06-26T13:16:29.685155+00:00] main.INFO: {"feed":"stores","operation":"full reindex(legacy)","status":"Initialize","elapsed":"00:00:00 979 ms","pid":"6068","caller":"bin\/magento index:reindex"} [] []
[2024-06-26T13:16:29.790836+00:00] main.INFO: {"feed":"stores","operation":"full reindex(legacy)","status":"Creating batch table `stores_data_exporter_index_batches`. Start position: 0","elapsed":"00:00:01 86 ms","pid":"6068","caller":"bin\/magento index:reindex"} [] []
[2024-06-26T13:16:29.846557+00:00] main.INFO: {"feed":"stores","operation":"full reindex(legacy)","status":"Batch table `stores_data_exporter_index_batches` created. Total Items: 1, batches: ~0","elapsed":"00:00:01 141 ms","pid":"6068","caller":"bin\/magento index:reindex"} [] []
[2024-06-26T13:16:29.846704+00:00] main.INFO: {"feed":"stores","operation":"full reindex(legacy)","status":"start processing `1` items in `1` threads with `100` batch size","elapsed":"00:00:01 142 ms","pid":"6068","caller":"bin\/magento index:reindex"} [] []
[2024-06-26T13:16:29.894306+00:00] main.INFO: {"feed":"stores","operation":"full reindex(legacy)","status":"Progress 1\/1, processed 1, synced 1","elapsed":"00:00:01 189 ms","pid":"6068","caller":"bin\/magento index:reindex"} [] []
[2024-06-26T13:16:29.898410+00:00] main.INFO: {"feed":"stores","operation":"full reindex(legacy)","status":"Complete","elapsed":"00:00:01 193 ms","pid":"6068","caller":"bin\/magento index:reindex"} [] []
[2024-06-26T13:16:29.924809+00:00] main.INFO: {"feed":"salesOrders","operation":"full reindex(legacy)","status":"Initialize","elapsed":"460 ms","pid":"6068","caller":"bin\/magento index:reindex"} [] []
[2024-06-26T13:16:30.086315+00:00] main.INFO: {"feed":"salesOrders","operation":"full reindex(legacy)","status":"Creating batch table `sales_data_exporter_orders_index_batches`. Start position: 0","elapsed":"621 ms","pid":"6068","caller":"bin\/magento index:reindex"} [] []
[2024-06-26T13:16:30.154774+00:00] main.INFO: {"feed":"salesOrders","operation":"full reindex(legacy)","status":"Batch table `sales_data_exporter_orders_index_batches` created. Total Items: 0, batches: ~0","elapsed":"690 ms","pid":"6068","caller":"bin\/magento index:reindex"} [] []
[2024-06-26T13:16:30.154966+00:00] main.INFO: {"feed":"salesOrders","operation":"full reindex(legacy)","status":"nothing to process - no items to sync. Not expected? Are there any items in source table `sales_order`?","elapsed":"690 ms","pid":"6068","caller":"bin\/magento index:reindex"} [] []
[2024-06-26T13:16:30.156236+00:00] main.INFO: {"feed":"salesOrders","operation":"full reindex(legacy)","status":"Complete","elapsed":"691 ms","pid":"6068","caller":"bin\/magento index:reindex"} [] []
[2024-06-26T13:16:30.189242+00:00] main.INFO: {"feed":"salesOrderStatuses","operation":"full reindex(legacy)","status":"Initialize","elapsed":"989 ms","pid":"6068","caller":"bin\/magento index:reindex"} [] []
[2024-06-26T13:16:30.300782+00:00] main.INFO: {"feed":"salesOrderStatuses","operation":"full reindex(legacy)","status":"Creating batch table `sales_data_exporter_order_statuses_index_batches`. Start position: ","elapsed":"00:00:00 100 ms","pid":"6068","caller":"bin\/magento index:reindex"} [] []
[2024-06-26T13:16:30.369919+00:00] main.INFO: {"feed":"salesOrderStatuses","operation":"full reindex(legacy)","status":"Batch table `sales_data_exporter_order_statuses_index_batches` created. Total Items: 12, batches: ~0","elapsed":"00:00:00 169 ms","pid":"6068","caller":"bin\/magento index:reindex"} [] []
[2024-06-26T13:16:30.370067+00:00] main.INFO: {"feed":"salesOrderStatuses","operation":"full reindex(legacy)","status":"start processing `12` items in `1` threads with `100` batch size","elapsed":"00:00:00 170 ms","pid":"6068","caller":"bin\/magento index:reindex"} [] []
[2024-06-26T13:16:30.387169+00:00] main.INFO: {"feed":"salesOrderStatuses","operation":"full reindex(legacy)","status":"Progress 1\/1, processed 12, synced 12","elapsed":"00:00:00 187 ms","pid":"6068","caller":"bin\/magento index:reindex"} [] []
[2024-06-26T13:16:30.390999+00:00] main.INFO: {"feed":"salesOrderStatuses","operation":"full reindex(legacy)","status":"Complete","elapsed":"00:00:00 191 ms","pid":"6068","caller":"bin\/magento index:reindex"} [] []
[2024-06-26T13:16:59.592632+00:00] main.INFO: {"feed":"stores","operation":"full reindex(legacy)","status":"Initialize","elapsed":"00:00:00 795 ms","pid":"6071","caller":"bin\/magento s:up"} [] []
[2024-06-26T13:16:59.692189+00:00] main.INFO: {"feed":"stores","operation":"full reindex(legacy)","status":"Creating batch table `stores_data_exporter_index_batches`. Start position: 0","elapsed":"00:00:00 895 ms","pid":"6071","caller":"bin\/magento s:up"} [] []
[2024-06-26T13:16:59.749169+00:00] main.INFO: {"feed":"stores","operation":"full reindex(legacy)","status":"Batch table `stores_data_exporter_index_batches` created. Total Items: 1, batches: ~0","elapsed":"00:00:01 952 ms","pid":"6071","caller":"bin\/magento s:up"} [] []
[2024-06-26T13:16:59.749307+00:00] main.INFO: {"feed":"stores","operation":"full reindex(legacy)","status":"start processing `1` items in `1` threads with `100` batch size","elapsed":"00:00:01 952 ms","pid":"6071","caller":"bin\/magento s:up"} [] []
[2024-06-26T13:16:59.780325+00:00] main.INFO: {"feed":"stores","operation":"full reindex(legacy)","status":"Progress 1\/1, processed 1, synced 1","elapsed":"00:00:01 983 ms","pid":"6071","caller":"bin\/magento s:up"} [] []
[2024-06-26T13:16:59.785528+00:00] main.INFO: {"feed":"stores","operation":"full reindex(legacy)","status":"Complete","elapsed":"00:00:01 988 ms","pid":"6071","caller":"bin\/magento s:up"} [] []
[2024-06-26T13:16:59.810321+00:00] main.INFO: {"feed":"salesOrders","operation":"full reindex(legacy)","status":"Initialize","elapsed":"231 ms","pid":"6071","caller":"bin\/magento s:up"} [] []
[2024-06-26T13:16:59.908813+00:00] main.INFO: {"feed":"salesOrders","operation":"full reindex(legacy)","status":"Creating batch table `sales_data_exporter_orders_index_batches`. Start position: 0","elapsed":"329 ms","pid":"6071","caller":"bin\/magento s:up"} [] []
[2024-06-26T13:16:59.965801+00:00] main.INFO: {"feed":"salesOrders","operation":"full reindex(legacy)","status":"Batch table `sales_data_exporter_orders_index_batches` created. Total Items: 0, batches: ~0","elapsed":"386 ms","pid":"6071","caller":"bin\/magento s:up"} [] []
[2024-06-26T13:16:59.965935+00:00] main.INFO: {"feed":"salesOrders","operation":"full reindex(legacy)","status":"nothing to process - no items to sync. Not expected? Are there any items in source table `sales_order`?","elapsed":"387 ms","pid":"6071","caller":"bin\/magento s:up"} [] []
[2024-06-26T13:16:59.967025+00:00] main.INFO: {"feed":"salesOrders","operation":"full reindex(legacy)","status":"Complete","elapsed":"388 ms","pid":"6071","caller":"bin\/magento s:up"} [] []
[2024-06-26T13:16:59.988377+00:00] main.INFO: {"feed":"salesOrderStatuses","operation":"full reindex(legacy)","status":"Initialize","elapsed":"587 ms","pid":"6071","caller":"bin\/magento s:up"} [] []
[2024-06-26T13:17:00.325496+00:00] main.INFO: {"feed":"salesOrderStatuses","operation":"full reindex(legacy)","status":"Creating batch table `sales_data_exporter_order_statuses_index_batches`. Start position: ","elapsed":"924 ms","pid":"6071","caller":"bin\/magento s:up"} [] []
[2024-06-26T13:17:00.426233+00:00] main.INFO: {"feed":"salesOrderStatuses","operation":"full reindex(legacy)","status":"Batch table `sales_data_exporter_order_statuses_index_batches` created. Total Items: 12, batches: ~0","elapsed":"00:00:00 25 ms","pid":"6071","caller":"bin\/magento s:up"} [] []
[2024-06-26T13:17:00.426420+00:00] main.INFO: {"feed":"salesOrderStatuses","operation":"full reindex(legacy)","status":"start processing `12` items in `1` threads with `100` batch size","elapsed":"00:00:00 25 ms","pid":"6071","caller":"bin\/magento s:up"} [] []
[2024-06-26T13:17:00.471637+00:00] main.INFO: {"feed":"salesOrderStatuses","operation":"full reindex(legacy)","status":"Progress 1\/1, processed 12, synced 12","elapsed":"00:00:00 70 ms","pid":"6071","caller":"bin\/magento s:up"} [] []
[2024-06-26T13:17:00.477129+00:00] main.INFO: {"feed":"salesOrderStatuses","operation":"full reindex(legacy)","status":"Complete","elapsed":"00:00:00 76 ms","pid":"6071","caller":"bin\/magento s:up"} [] []
[2024-06-26T13:53:56.612265+00:00] main.INFO: {"feed":"stores","operation":"full reindex(legacy)","status":"Initialize","elapsed":"00:00:00 834 ms","pid":"6379","caller":"bin\/magento index:reindex"} [] []
[2024-06-26T13:53:56.708904+00:00] main.INFO: {"feed":"stores","operation":"full reindex(legacy)","status":"Creating batch table `stores_data_exporter_index_batches`. Start position: 0","elapsed":"00:00:01 931 ms","pid":"6379","caller":"bin\/magento index:reindex"} [] []
[2024-06-26T13:53:56.762586+00:00] main.INFO: {"feed":"stores","operation":"full reindex(legacy)","status":"Batch table `stores_data_exporter_index_batches` created. Total Items: 1, batches: ~0","elapsed":"00:00:01 985 ms","pid":"6379","caller":"bin\/magento index:reindex"} [] []
[2024-06-26T13:53:56.762729+00:00] main.INFO: {"feed":"stores","operation":"full reindex(legacy)","status":"start processing `1` items in `1` threads with `100` batch size","elapsed":"00:00:01 985 ms","pid":"6379","caller":"bin\/magento index:reindex"} [] []
[2024-06-26T13:53:56.814012+00:00] main.INFO: {"feed":"stores","operation":"full reindex(legacy)","status":"Progress 1\/1, processed 1, synced 1","elapsed":"00:00:01 36 ms","pid":"6379","caller":"bin\/magento index:reindex"} [] []
[2024-06-26T13:53:56.820113+00:00] main.INFO: {"feed":"stores","operation":"full reindex(legacy)","status":"Complete","elapsed":"00:00:01 42 ms","pid":"6379","caller":"bin\/magento index:reindex"} [] []
[2024-06-26T13:53:56.848132+00:00] main.INFO: {"feed":"salesOrders","operation":"full reindex(legacy)","status":"Initialize","elapsed":"307 ms","pid":"6379","caller":"bin\/magento index:reindex"} [] []
[2024-06-26T13:53:56.940395+00:00] main.INFO: {"feed":"salesOrders","operation":"full reindex(legacy)","status":"Creating batch table `sales_data_exporter_orders_index_batches`. Start position: 0","elapsed":"399 ms","pid":"6379","caller":"bin\/magento index:reindex"} [] []
[2024-06-26T13:53:56.993817+00:00] main.INFO: {"feed":"salesOrders","operation":"full reindex(legacy)","status":"Batch table `sales_data_exporter_orders_index_batches` created. Total Items: 0, batches: ~0","elapsed":"452 ms","pid":"6379","caller":"bin\/magento index:reindex"} [] []
[2024-06-26T13:53:56.993956+00:00] main.INFO: {"feed":"salesOrders","operation":"full reindex(legacy)","status":"nothing to process - no items to sync. Not expected? Are there any items in source table `sales_order`?","elapsed":"452 ms","pid":"6379","caller":"bin\/magento index:reindex"} [] []
[2024-06-26T13:53:56.995016+00:00] main.INFO: {"feed":"salesOrders","operation":"full reindex(legacy)","status":"Complete","elapsed":"453 ms","pid":"6379","caller":"bin\/magento index:reindex"} [] []
[2024-06-26T13:53:57.024537+00:00] main.INFO: {"feed":"salesOrderStatuses","operation":"full reindex(legacy)","status":"Initialize","elapsed":"659 ms","pid":"6379","caller":"bin\/magento index:reindex"} [] []
[2024-06-26T13:53:57.110642+00:00] main.INFO: {"feed":"salesOrderStatuses","operation":"full reindex(legacy)","status":"Creating batch table `sales_data_exporter_order_statuses_index_batches`. Start position: ","elapsed":"745 ms","pid":"6379","caller":"bin\/magento index:reindex"} [] []
[2024-06-26T13:53:57.167209+00:00] main.INFO: {"feed":"salesOrderStatuses","operation":"full reindex(legacy)","status":"Batch table `sales_data_exporter_order_statuses_index_batches` created. Total Items: 12, batches: ~0","elapsed":"802 ms","pid":"6379","caller":"bin\/magento index:reindex"} [] []
[2024-06-26T13:53:57.167349+00:00] main.INFO: {"feed":"salesOrderStatuses","operation":"full reindex(legacy)","status":"start processing `12` items in `1` threads with `100` batch size","elapsed":"802 ms","pid":"6379","caller":"bin\/magento index:reindex"} [] []
[2024-06-26T13:53:57.182064+00:00] main.INFO: {"feed":"salesOrderStatuses","operation":"full reindex(legacy)","status":"Progress 1\/1, processed 12, synced 12","elapsed":"817 ms","pid":"6379","caller":"bin\/magento index:reindex"} [] []
[2024-06-26T13:53:57.185661+00:00] main.INFO: {"feed":"salesOrderStatuses","operation":"full reindex(legacy)","status":"Complete","elapsed":"821 ms","pid":"6379","caller":"bin\/magento index:reindex"} [] []
[2024-06-26T13:54:27.876708+00:00] main.INFO: {"feed":"stores","operation":"full reindex(legacy)","status":"Initialize","elapsed":"362 ms","pid":"6384","caller":"bin\/magento s:up"} [] []
[2024-06-26T13:54:27.981717+00:00] main.INFO: {"feed":"stores","operation":"full reindex(legacy)","status":"Creating batch table `stores_data_exporter_index_batches`. Start position: 0","elapsed":"468 ms","pid":"6384","caller":"bin\/magento s:up"} [] []
[2024-06-26T13:54:28.043463+00:00] main.INFO: {"feed":"stores","operation":"full reindex(legacy)","status":"Batch table `stores_data_exporter_index_batches` created. Total Items: 1, batches: ~0","elapsed":"530 ms","pid":"6384","caller":"bin\/magento s:up"} [] []
[2024-06-26T13:54:28.043614+00:00] main.INFO: {"feed":"stores","operation":"full reindex(legacy)","status":"start processing `1` items in `1` threads with `100` batch size","elapsed":"530 ms","pid":"6384","caller":"bin\/magento s:up"} [] []
[2024-06-26T13:54:28.090697+00:00] main.INFO: {"feed":"stores","operation":"full reindex(legacy)","status":"Progress 1\/1, processed 1, synced 1","elapsed":"577 ms","pid":"6384","caller":"bin\/magento s:up"} [] []
[2024-06-26T13:54:28.094409+00:00] main.INFO: {"feed":"stores","operation":"full reindex(legacy)","status":"Complete","elapsed":"581 ms","pid":"6384","caller":"bin\/magento s:up"} [] []
[2024-06-26T13:54:28.114841+00:00] main.INFO: {"feed":"salesOrders","operation":"full reindex(legacy)","status":"Initialize","elapsed":"840 ms","pid":"6384","caller":"bin\/magento s:up"} [] []
[2024-06-26T13:54:28.220402+00:00] main.INFO: {"feed":"salesOrders","operation":"full reindex(legacy)","status":"Creating batch table `sales_data_exporter_orders_index_batches`. Start position: 0","elapsed":"946 ms","pid":"6384","caller":"bin\/magento s:up"} [] []
[2024-06-26T13:54:28.278906+00:00] main.INFO: {"feed":"salesOrders","operation":"full reindex(legacy)","status":"Batch table `sales_data_exporter_orders_index_batches` created. Total Items: 0, batches: ~0","elapsed":"00:00:00 4 ms","pid":"6384","caller":"bin\/magento s:up"} [] []
[2024-06-26T13:54:28.279045+00:00] main.INFO: {"feed":"salesOrders","operation":"full reindex(legacy)","status":"nothing to process - no items to sync. Not expected? Are there any items in source table `sales_order`?","elapsed":"00:00:00 4 ms","pid":"6384","caller":"bin\/magento s:up"} [] []
[2024-06-26T13:54:28.280154+00:00] main.INFO: {"feed":"salesOrders","operation":"full reindex(legacy)","status":"Complete","elapsed":"00:00:00 5 ms","pid":"6384","caller":"bin\/magento s:up"} [] []
[2024-06-26T13:54:28.307418+00:00] main.INFO: {"feed":"salesOrderStatuses","operation":"full reindex(legacy)","status":"Initialize","elapsed":"00:00:00 225 ms","pid":"6384","caller":"bin\/magento s:up"} [] []
[2024-06-26T13:54:28.404452+00:00] main.INFO: {"feed":"salesOrderStatuses","operation":"full reindex(legacy)","status":"Creating batch table `sales_data_exporter_order_statuses_index_batches`. Start position: ","elapsed":"00:00:00 322 ms","pid":"6384","caller":"bin\/magento s:up"} [] []
[2024-06-26T13:54:28.465479+00:00] main.INFO: {"feed":"salesOrderStatuses","operation":"full reindex(legacy)","status":"Batch table `sales_data_exporter_order_statuses_index_batches` created. Total Items: 12, batches: ~0","elapsed":"00:00:00 383 ms","pid":"6384","caller":"bin\/magento s:up"} [] []
[2024-06-26T13:54:28.465623+00:00] main.INFO: {"feed":"salesOrderStatuses","operation":"full reindex(legacy)","status":"start processing `12` items in `1` threads with `100` batch size","elapsed":"00:00:00 383 ms","pid":"6384","caller":"bin\/magento s:up"} [] []
[2024-06-26T13:54:28.485944+00:00] main.INFO: {"feed":"salesOrderStatuses","operation":"full reindex(legacy)","status":"Progress 1\/1, processed 12, synced 12","elapsed":"00:00:00 404 ms","pid":"6384","caller":"bin\/magento s:up"} [] []
[2024-06-26T13:54:28.489004+00:00] main.INFO: {"feed":"salesOrderStatuses","operation":"full reindex(legacy)","status":"Complete","elapsed":"00:00:00 407 ms","pid":"6384","caller":"bin\/magento s:up"} [] []
[2024-06-26T14:37:01.852108+00:00] main.INFO: {"feed":"stores","operation":"full reindex(legacy)","status":"Initialize","elapsed":"312 ms","pid":"7277","caller":"bin\/magento index:reindex"} [] []
[2024-06-26T14:37:01.961387+00:00] main.INFO: {"feed":"stores","operation":"full reindex(legacy)","status":"Creating batch table `stores_data_exporter_index_batches`. Start position: 0","elapsed":"423 ms","pid":"7277","caller":"bin\/magento index:reindex"} [] []
[2024-06-26T14:37:02.028897+00:00] main.INFO: {"feed":"stores","operation":"full reindex(legacy)","status":"Batch table `stores_data_exporter_index_batches` created. Total Items: 1, batches: ~0","elapsed":"490 ms","pid":"7277","caller":"bin\/magento index:reindex"} [] []
[2024-06-26T14:37:02.029048+00:00] main.INFO: {"feed":"stores","operation":"full reindex(legacy)","status":"start processing `1` items in `1` threads with `100` batch size","elapsed":"490 ms","pid":"7277","caller":"bin\/magento index:reindex"} [] []
[2024-06-26T14:37:02.083405+00:00] main.INFO: {"feed":"stores","operation":"full reindex(legacy)","status":"Progress 1\/1, processed 1, synced 1","elapsed":"545 ms","pid":"7277","caller":"bin\/magento index:reindex"} [] []
[2024-06-26T14:37:02.089376+00:00] main.INFO: {"feed":"stores","operation":"full reindex(legacy)","status":"Complete","elapsed":"551 ms","pid":"7277","caller":"bin\/magento index:reindex"} [] []
[2024-06-26T14:37:02.124537+00:00] main.INFO: {"feed":"salesOrders","operation":"full reindex(legacy)","status":"Initialize","elapsed":"859 ms","pid":"7277","caller":"bin\/magento index:reindex"} [] []
[2024-06-26T14:37:02.226739+00:00] main.INFO: {"feed":"salesOrders","operation":"full reindex(legacy)","status":"Creating batch table `sales_data_exporter_orders_index_batches`. Start position: 0","elapsed":"962 ms","pid":"7277","caller":"bin\/magento index:reindex"} [] []
[2024-06-26T14:37:02.286102+00:00] main.INFO: {"feed":"salesOrders","operation":"full reindex(legacy)","status":"Batch table `sales_data_exporter_orders_index_batches` created. Total Items: 0, batches: ~0","elapsed":"00:00:00 21 ms","pid":"7277","caller":"bin\/magento index:reindex"} [] []
[2024-06-26T14:37:02.286236+00:00] main.INFO: {"feed":"salesOrders","operation":"full reindex(legacy)","status":"nothing to process - no items to sync. Not expected? Are there any items in source table `sales_order`?","elapsed":"00:00:00 21 ms","pid":"7277","caller":"bin\/magento index:reindex"} [] []
[2024-06-26T14:37:02.287324+00:00] main.INFO: {"feed":"salesOrders","operation":"full reindex(legacy)","status":"Complete","elapsed":"00:00:00 22 ms","pid":"7277","caller":"bin\/magento index:reindex"} [] []
[2024-06-26T14:37:02.328450+00:00] main.INFO: {"feed":"salesOrderStatuses","operation":"full reindex(legacy)","status":"Initialize","elapsed":"00:00:00 267 ms","pid":"7277","caller":"bin\/magento index:reindex"} [] []
[2024-06-26T14:37:02.428429+00:00] main.INFO: {"feed":"salesOrderStatuses","operation":"full reindex(legacy)","status":"Creating batch table `sales_data_exporter_order_statuses_index_batches`. Start position: ","elapsed":"00:00:00 367 ms","pid":"7277","caller":"bin\/magento index:reindex"} [] []
[2024-06-26T14:37:02.489057+00:00] main.INFO: {"feed":"salesOrderStatuses","operation":"full reindex(legacy)","status":"Batch table `sales_data_exporter_order_statuses_index_batches` created. Total Items: 12, batches: ~0","elapsed":"00:00:00 428 ms","pid":"7277","caller":"bin\/magento index:reindex"} [] []
[2024-06-26T14:37:02.489197+00:00] main.INFO: {"feed":"salesOrderStatuses","operation":"full reindex(legacy)","status":"start processing `12` items in `1` threads with `100` batch size","elapsed":"00:00:00 428 ms","pid":"7277","caller":"bin\/magento index:reindex"} [] []
[2024-06-26T14:37:02.505909+00:00] main.INFO: {"feed":"salesOrderStatuses","operation":"full reindex(legacy)","status":"Progress 1\/1, processed 12, synced 12","elapsed":"00:00:00 445 ms","pid":"7277","caller":"bin\/magento index:reindex"} [] []
[2024-06-26T14:37:02.509401+00:00] main.INFO: {"feed":"salesOrderStatuses","operation":"full reindex(legacy)","status":"Complete","elapsed":"00:00:00 448 ms","pid":"7277","caller":"bin\/magento index:reindex"} [] []
[2024-06-26T14:37:36.821162+00:00] main.INFO: {"feed":"stores","operation":"full reindex(legacy)","status":"Initialize","elapsed":"251 ms","pid":"7279","caller":"bin\/magento s:up"} [] []
[2024-06-26T14:37:36.920206+00:00] main.INFO: {"feed":"stores","operation":"full reindex(legacy)","status":"Creating batch table `stores_data_exporter_index_batches`. Start position: 0","elapsed":"351 ms","pid":"7279","caller":"bin\/magento s:up"} [] []
[2024-06-26T14:37:36.973338+00:00] main.INFO: {"feed":"stores","operation":"full reindex(legacy)","status":"Batch table `stores_data_exporter_index_batches` created. Total Items: 1, batches: ~0","elapsed":"404 ms","pid":"7279","caller":"bin\/magento s:up"} [] []
[2024-06-26T14:37:36.973481+00:00] main.INFO: {"feed":"stores","operation":"full reindex(legacy)","status":"start processing `1` items in `1` threads with `100` batch size","elapsed":"404 ms","pid":"7279","caller":"bin\/magento s:up"} [] []
[2024-06-26T14:37:37.027340+00:00] main.INFO: {"feed":"stores","operation":"full reindex(legacy)","status":"Progress 1\/1, processed 1, synced 1","elapsed":"458 ms","pid":"7279","caller":"bin\/magento s:up"} [] []
[2024-06-26T14:37:37.034506+00:00] main.INFO: {"feed":"stores","operation":"full reindex(legacy)","status":"Complete","elapsed":"465 ms","pid":"7279","caller":"bin\/magento s:up"} [] []
[2024-06-26T14:37:37.060116+00:00] main.INFO: {"feed":"salesOrders","operation":"full reindex(legacy)","status":"Initialize","elapsed":"731 ms","pid":"7279","caller":"bin\/magento s:up"} [] []
[2024-06-26T14:37:37.153749+00:00] main.INFO: {"feed":"salesOrders","operation":"full reindex(legacy)","status":"Creating batch table `sales_data_exporter_orders_index_batches`. Start position: 0","elapsed":"824 ms","pid":"7279","caller":"bin\/magento s:up"} [] []
[2024-06-26T14:37:37.205268+00:00] main.INFO: {"feed":"salesOrders","operation":"full reindex(legacy)","status":"Batch table `sales_data_exporter_orders_index_batches` created. Total Items: 0, batches: ~0","elapsed":"876 ms","pid":"7279","caller":"bin\/magento s:up"} [] []
[2024-06-26T14:37:37.205405+00:00] main.INFO: {"feed":"salesOrders","operation":"full reindex(legacy)","status":"nothing to process - no items to sync. Not expected? Are there any items in source table `sales_order`?","elapsed":"876 ms","pid":"7279","caller":"bin\/magento s:up"} [] []
[2024-06-26T14:37:37.206567+00:00] main.INFO: {"feed":"salesOrders","operation":"full reindex(legacy)","status":"Complete","elapsed":"877 ms","pid":"7279","caller":"bin\/magento s:up"} [] []
[2024-06-26T14:37:37.226522+00:00] main.INFO: {"feed":"salesOrderStatuses","operation":"full reindex(legacy)","status":"Initialize","elapsed":"00:00:00 63 ms","pid":"7279","caller":"bin\/magento s:up"} [] []
[2024-06-26T14:37:37.316574+00:00] main.INFO: {"feed":"salesOrderStatuses","operation":"full reindex(legacy)","status":"Creating batch table `sales_data_exporter_order_statuses_index_batches`. Start position: ","elapsed":"00:00:00 153 ms","pid":"7279","caller":"bin\/magento s:up"} [] []
[2024-06-26T14:37:37.375692+00:00] main.INFO: {"feed":"salesOrderStatuses","operation":"full reindex(legacy)","status":"Batch table `sales_data_exporter_order_statuses_index_batches` created. Total Items: 12, batches: ~0","elapsed":"00:00:00 213 ms","pid":"7279","caller":"bin\/magento s:up"} [] []
[2024-06-26T14:37:37.375831+00:00] main.INFO: {"feed":"salesOrderStatuses","operation":"full reindex(legacy)","status":"start processing `12` items in `1` threads with `100` batch size","elapsed":"00:00:00 213 ms","pid":"7279","caller":"bin\/magento s:up"} [] []
[2024-06-26T14:37:37.391427+00:00] main.INFO: {"feed":"salesOrderStatuses","operation":"full reindex(legacy)","status":"Progress 1\/1, processed 12, synced 12","elapsed":"00:00:00 228 ms","pid":"7279","caller":"bin\/magento s:up"} [] []
[2024-06-26T14:37:37.397746+00:00] main.INFO: {"feed":"salesOrderStatuses","operation":"full reindex(legacy)","status":"Complete","elapsed":"00:00:00 235 ms","pid":"7279","caller":"bin\/magento s:up"} [] []
[2024-06-27T11:21:54.117793+00:00] main.INFO: {"feed":"stores","operation":"full reindex(legacy)","status":"Initialize","elapsed":"00:00:00 566 ms","pid":"5986","caller":"bin\/magento index:reindex"} [] []
[2024-06-27T11:21:54.227264+00:00] main.INFO: {"feed":"stores","operation":"full reindex(legacy)","status":"Creating batch table `stores_data_exporter_index_batches`. Start position: 0","elapsed":"00:00:00 676 ms","pid":"5986","caller":"bin\/magento index:reindex"} [] []
[2024-06-27T11:21:54.295614+00:00] main.INFO: {"feed":"stores","operation":"full reindex(legacy)","status":"Batch table `stores_data_exporter_index_batches` created. Total Items: 1, batches: ~0","elapsed":"00:00:00 745 ms","pid":"5986","caller":"bin\/magento index:reindex"} [] []
[2024-06-27T11:21:54.295764+00:00] main.INFO: {"feed":"stores","operation":"full reindex(legacy)","status":"start processing `1` items in `1` threads with `100` batch size","elapsed":"00:00:00 745 ms","pid":"5986","caller":"bin\/magento index:reindex"} [] []
[2024-06-27T11:21:54.346363+00:00] main.INFO: {"feed":"stores","operation":"full reindex(legacy)","status":"Progress 1\/1, processed 1, synced 1","elapsed":"00:00:01 795 ms","pid":"5986","caller":"bin\/magento index:reindex"} [] []
[2024-06-27T11:21:54.348758+00:00] main.INFO: {"feed":"stores","operation":"full reindex(legacy)","status":"Complete","elapsed":"00:00:01 798 ms","pid":"5986","caller":"bin\/magento index:reindex"} [] []
[2024-06-27T11:21:54.391702+00:00] main.INFO: {"feed":"salesOrders","operation":"full reindex(legacy)","status":"Initialize","elapsed":"116 ms","pid":"5986","caller":"bin\/magento index:reindex"} [] []
[2024-06-27T11:21:54.491456+00:00] main.INFO: {"feed":"salesOrders","operation":"full reindex(legacy)","status":"Creating batch table `sales_data_exporter_orders_index_batches`. Start position: 0","elapsed":"215 ms","pid":"5986","caller":"bin\/magento index:reindex"} [] []
[2024-06-27T11:21:54.558363+00:00] main.INFO: {"feed":"salesOrders","operation":"full reindex(legacy)","status":"Batch table `sales_data_exporter_orders_index_batches` created. Total Items: 0, batches: ~0","elapsed":"282 ms","pid":"5986","caller":"bin\/magento index:reindex"} [] []
[2024-06-27T11:21:54.558498+00:00] main.INFO: {"feed":"salesOrders","operation":"full reindex(legacy)","status":"nothing to process - no items to sync. Not expected? Are there any items in source table `sales_order`?","elapsed":"282 ms","pid":"5986","caller":"bin\/magento index:reindex"} [] []
[2024-06-27T11:21:54.559505+00:00] main.INFO: {"feed":"salesOrders","operation":"full reindex(legacy)","status":"Complete","elapsed":"283 ms","pid":"5986","caller":"bin\/magento index:reindex"} [] []
[2024-06-27T11:21:54.595472+00:00] main.INFO: {"feed":"salesOrderStatuses","operation":"full reindex(legacy)","status":"Initialize","elapsed":"523 ms","pid":"5986","caller":"bin\/magento index:reindex"} [] []
[2024-06-27T11:21:54.698027+00:00] main.INFO: {"feed":"salesOrderStatuses","operation":"full reindex(legacy)","status":"Creating batch table `sales_data_exporter_order_statuses_index_batches`. Start position: ","elapsed":"626 ms","pid":"5986","caller":"bin\/magento index:reindex"} [] []
[2024-06-27T11:21:54.761479+00:00] main.INFO: {"feed":"salesOrderStatuses","operation":"full reindex(legacy)","status":"Batch table `sales_data_exporter_order_statuses_index_batches` created. Total Items: 12, batches: ~0","elapsed":"689 ms","pid":"5986","caller":"bin\/magento index:reindex"} [] []
[2024-06-27T11:21:54.761625+00:00] main.INFO: {"feed":"salesOrderStatuses","operation":"full reindex(legacy)","status":"start processing `12` items in `1` threads with `100` batch size","elapsed":"689 ms","pid":"5986","caller":"bin\/magento index:reindex"} [] []
[2024-06-27T11:21:54.777032+00:00] main.INFO: {"feed":"salesOrderStatuses","operation":"full reindex(legacy)","status":"Progress 1\/1, processed 12, synced 12","elapsed":"705 ms","pid":"5986","caller":"bin\/magento index:reindex"} [] []
[2024-06-27T11:21:54.783951+00:00] main.INFO: {"feed":"salesOrderStatuses","operation":"full reindex(legacy)","status":"Complete","elapsed":"712 ms","pid":"5986","caller":"bin\/magento index:reindex"} [] []
[2024-06-27T11:22:35.587603+00:00] main.INFO: {"feed":"stores","operation":"full reindex(legacy)","status":"Initialize","elapsed":"502 ms","pid":"5988","caller":"bin\/magento s:up"} [] []
[2024-06-27T11:22:35.686544+00:00] main.INFO: {"feed":"stores","operation":"full reindex(legacy)","status":"Creating batch table `stores_data_exporter_index_batches`. Start position: 0","elapsed":"604 ms","pid":"5988","caller":"bin\/magento s:up"} [] []
[2024-06-27T11:22:35.741219+00:00] main.INFO: {"feed":"stores","operation":"full reindex(legacy)","status":"Batch table `stores_data_exporter_index_batches` created. Total Items: 1, batches: ~0","elapsed":"658 ms","pid":"5988","caller":"bin\/magento s:up"} [] []
[2024-06-27T11:22:35.741377+00:00] main.INFO: {"feed":"stores","operation":"full reindex(legacy)","status":"start processing `1` items in `1` threads with `100` batch size","elapsed":"659 ms","pid":"5988","caller":"bin\/magento s:up"} [] []
[2024-06-27T11:22:35.786634+00:00] main.INFO: {"feed":"stores","operation":"full reindex(legacy)","status":"Progress 1\/1, processed 1, synced 1","elapsed":"704 ms","pid":"5988","caller":"bin\/magento s:up"} [] []
[2024-06-27T11:22:35.792666+00:00] main.INFO: {"feed":"stores","operation":"full reindex(legacy)","status":"Complete","elapsed":"710 ms","pid":"5988","caller":"bin\/magento s:up"} [] []
[2024-06-27T11:22:35.820853+00:00] main.INFO: {"feed":"salesOrders","operation":"full reindex(legacy)","status":"Initialize","elapsed":"974 ms","pid":"5988","caller":"bin\/magento s:up"} [] []
[2024-06-27T11:22:35.915940+00:00] main.INFO: {"feed":"salesOrders","operation":"full reindex(legacy)","status":"Creating batch table `sales_data_exporter_orders_index_batches`. Start position: 0","elapsed":"00:00:00 69 ms","pid":"5988","caller":"bin\/magento s:up"} [] []
[2024-06-27T11:22:35.971965+00:00] main.INFO: {"feed":"salesOrders","operation":"full reindex(legacy)","status":"Batch table `sales_data_exporter_orders_index_batches` created. Total Items: 0, batches: ~0","elapsed":"00:00:00 125 ms","pid":"5988","caller":"bin\/magento s:up"} [] []
[2024-06-27T11:22:35.972092+00:00] main.INFO: {"feed":"salesOrders","operation":"full reindex(legacy)","status":"nothing to process - no items to sync. Not expected? Are there any items in source table `sales_order`?","elapsed":"00:00:00 125 ms","pid":"5988","caller":"bin\/magento s:up"} [] []
[2024-06-27T11:22:35.973099+00:00] main.INFO: {"feed":"salesOrders","operation":"full reindex(legacy)","status":"Complete","elapsed":"00:00:00 126 ms","pid":"5988","caller":"bin\/magento s:up"} [] []
[2024-06-27T11:22:35.997020+00:00] main.INFO: {"feed":"salesOrderStatuses","operation":"full reindex(legacy)","status":"Initialize","elapsed":"00:00:00 326 ms","pid":"5988","caller":"bin\/magento s:up"} [] []
[2024-06-27T11:22:36.105674+00:00] main.INFO: {"feed":"salesOrderStatuses","operation":"full reindex(legacy)","status":"Creating batch table `sales_data_exporter_order_statuses_index_batches`. Start position: ","elapsed":"00:00:00 435 ms","pid":"5988","caller":"bin\/magento s:up"} [] []
[2024-06-27T11:22:36.162890+00:00] main.INFO: {"feed":"salesOrderStatuses","operation":"full reindex(legacy)","status":"Batch table `sales_data_exporter_order_statuses_index_batches` created. Total Items: 12, batches: ~0","elapsed":"00:00:00 492 ms","pid":"5988","caller":"bin\/magento s:up"} [] []
[2024-06-27T11:22:36.163032+00:00] main.INFO: {"feed":"salesOrderStatuses","operation":"full reindex(legacy)","status":"start processing `12` items in `1` threads with `100` batch size","elapsed":"00:00:00 492 ms","pid":"5988","caller":"bin\/magento s:up"} [] []
[2024-06-27T11:22:36.177715+00:00] main.INFO: {"feed":"salesOrderStatuses","operation":"full reindex(legacy)","status":"Progress 1\/1, processed 12, synced 12","elapsed":"00:00:00 507 ms","pid":"5988","caller":"bin\/magento s:up"} [] []
[2024-06-27T11:22:36.180485+00:00] main.INFO: {"feed":"salesOrderStatuses","operation":"full reindex(legacy)","status":"Complete","elapsed":"00:00:00 510 ms","pid":"5988","caller":"bin\/magento s:up"} [] []
